\BOOKMARK [0][-]{titulo.0}{P\341gina de T\355tulo}{}% 1
\BOOKMARK [0][-]{indices.0}{\315ndices}{}% 2
\BOOKMARK [1][-]{tabla de contenidos.1}{Tabla de Contenidos}{indices.0}% 3
\BOOKMARK [1][-]{indice de figuras.1}{\315ndice de figuras}{indices.0}% 4
\BOOKMARK [1][-]{indice de tablas.1}{\315ndice de tablas}{indices.0}% 5
\BOOKMARK [0][-]{chapter.9}{Introduction}{}% 6
\BOOKMARK [0][-]{chapter.10}{Introducci\363n}{}% 7
\BOOKMARK [1][-]{section.11}{Motivaci\363n}{chapter.10}% 8
\BOOKMARK [2][-]{subsection.12}{Explicaciones adicionales}{section.11}% 9
\BOOKMARK [0][-]{chapter.14}{Estado del arte}{}% 10
\BOOKMARK [1][-]{section.15}{\277Que es la Lectura F\341cil?}{chapter.14}% 11
\BOOKMARK [1][-]{section.18}{Un poco de Historia...}{chapter.14}% 12
\BOOKMARK [1][-]{section.22}{\277C\363mo se identifican los textos de Lectura F\341cil?}{chapter.14}% 13
\BOOKMARK [1][-]{section.27}{Niveles de adaptaci\363n}{chapter.14}% 14
\BOOKMARK [1][-]{section.28}{Pautas a seguir para la elaboraci\363n de Lectura F\341cil}{chapter.14}% 15
\BOOKMARK [1][-]{section.30}{Movimientos y asociaciones}{chapter.14}% 16
\BOOKMARK [1][-]{section.31}{Proyectos}{chapter.14}% 17
\BOOKMARK [0][-]{chapter.32}{Conclusiones y Trabajo Futuro}{}% 18
\BOOKMARK [0][-]{chapter.33}{Conclusions and Future Work}{}% 19
\BOOKMARK [0][-]{appendix.34}{T\355tulo}{}% 20
\BOOKMARK [0][-]{appendix.35}{T\355tulo}{}% 21
\BOOKMARK [0][-]{fin.0}{Fin}{}% 22
