This is pdfTeX, Version 3.14159265-2.6-1.40.21 (MiKTeX 20.10) (preloaded format=pdflatex 2020.10.20)  11 JUN 2021 18:44
entering extended mode
**./TFGLecturaFacil.tex
(TFGLecturaFacil.tex
LaTeX2e <2020-10-01> patch level 1
L3 programming layer <2020-10-05> xparse <2020-03-03>
(C:\Users\egilruiz\AppData\Local\Programs\MiKTeX\tex/latex/base\book.cls
Document Class: book 2020/04/10 v1.4m Standard LaTeX document class
(C:\Users\egilruiz\AppData\Local\Programs\MiKTeX\tex/latex/base\bk11.clo
File: bk11.clo 2020/04/10 v1.4m Standard LaTeX file (size option)
)
\c@part=\count175
\c@chapter=\count176
\c@section=\count177
\c@subsection=\count178
\c@subsubsection=\count179
\c@paragraph=\count180
\c@subparagraph=\count181
\c@figure=\count182
\c@table=\count183
\abovecaptionskip=\skip47
\belowcaptionskip=\skip48
\bibindent=\dimen138
)
\@input{config.aux}
\openout2 = `config.aux'.

(config.tex) (TeXiS/TeXiS.sty
Package: TeXiS/TeXiS 

(C:\Users\egilruiz\AppData\Local\Programs\MiKTeX\tex/latex/tools\verbatim.sty
Package: verbatim 2019/11/10 v1.5r LaTeX2e package for verbatim enhancements
\every@verbatim=\toks15
\verbatim@line=\toks16
\verbatim@in@stream=\read2
)
\example@out=\write3

\@input{TeXiS/TeXiS_pream.aux}
\openout2 = `TeXiS/TeXiS_pream.aux'.

(TeXiS/TeXiS_pream.tex
(C:\Users\egilruiz\AppData\Local\Programs\MiKTeX\tex/latex/base\shortvrb.sty
Package: shortvrb 2020/06/15 v2.1m Standard LaTeX documentation package (FMi)
)
(C:\Users\egilruiz\AppData\Local\Programs\MiKTeX\tex/latex/base\inputenc.sty
Package: inputenc 2020/08/01 v1.3d Input encoding file
\inpenc@prehook=\toks17
\inpenc@posthook=\toks18
)
(C:\Users\egilruiz\AppData\Local\Programs\MiKTeX\tex/latex/natbib\natbib.sty
Package: natbib 2010/09/13 8.31b (PWD, AO)
\bibhang=\skip49
\bibsep=\skip50
LaTeX Info: Redefining \cite on input line 694.
\c@NAT@ctr=\count184
)
(C:\Users\egilruiz\AppData\Local\Programs\MiKTeX\tex/generic/babel\babel.sty
Package: babel 2020/10/06 3.50 The Babel package

(C:\Users\egilruiz\AppData\Local\Programs\MiKTeX\tex/generic/babel\babel.def
File: babel.def 2020/10/06 3.50 Babel common definitions
\babel@savecnt=\count185
\U@D=\dimen139
\l@babelnohyphens=\language79

(C:\Users\egilruiz\AppData\Local\Programs\MiKTeX\tex/generic/babel\txtbabel.def
)
\bbl@readstream=\read3
)
\bbl@dirlevel=\count186

*************************************
* Local config file bblopts.cfg used
*
(C:\Users\egilruiz\AppData\Local\Programs\MiKTeX\tex/latex/arabi\bblopts.cfg
File: bblopts.cfg 2005/09/08 v0.1 add Arabic and Farsi to "declared" options of
 babel
)
(C:\Users\egilruiz\AppData\Local\Programs\MiKTeX\tex/latex/babel-english\englis
h.ldf
Language: english 2017/06/06 v3.3r English support from the babel system
Package babel Info: \l@canadian = using hyphenrules for english
(babel)             (\language0) on input line 102.
Package babel Info: \l@australian = using hyphenrules for ukenglish
(babel)             (\language73) on input line 105.
Package babel Info: \l@newzealand = using hyphenrules for ukenglish
(babel)             (\language73) on input line 108.
)
(C:\Users\egilruiz\AppData\Local\Programs\MiKTeX\tex/latex/babel-spanish\spanis
h.ldf
Language: spanish.ldf 2016/03/03 v5.0p Spanish support from the babel system
\es@quottoks=\toks19
\es@quotdepth=\count187
Package babel Info: Making " an active character on input line 561.
Package babel Info: Making . an active character on input line 662.
Package babel Info: Making < an active character on input line 707.
Package babel Info: Making > an active character on input line 707.
Package babel Info: Making ' an active character on input line 725.
)) (C:\Users\egilruiz\AppData\Local\Programs\MiKTeX\tex/latex/url\url.sty
\Urlmuskip=\muskip16
Package: url 2013/09/16  ver 3.4  Verb mode for urls, etc.
) (C:\Users\egilruiz\AppData\Local\Programs\MiKTeX\tex/generic/iftex\ifpdf.sty
Package: ifpdf 2019/10/25 v3.4 ifpdf legacy package. Use iftex instead.

(C:\Users\egilruiz\AppData\Local\Programs\MiKTeX\tex/generic/iftex\iftex.sty
Package: iftex 2020/03/06 v1.0d TeX engine tests
))
(C:\Users\egilruiz\AppData\Local\Programs\MiKTeX\tex/latex/fncychap\fncychap.st
y
Package: fncychap 2007/07/30 v1.34 LaTeX package (Revised chapters)
\RW=\skip51
\mylen=\skip52
\myhi=\skip53
\px=\skip54
\py=\skip55
\pyy=\skip56
\pxx=\skip57
)
(C:\Users\egilruiz\AppData\Local\Programs\MiKTeX\tex/latex/hyperref\hyperref.st
y
Package: hyperref 2020-05-15 v7.00e Hypertext links for LaTeX

(C:\Users\egilruiz\AppData\Local\Programs\MiKTeX\tex/generic/ltxcmds\ltxcmds.st
y
Package: ltxcmds 2020-05-10 v1.25 LaTeX kernel commands for general use (HO)
)
(C:\Users\egilruiz\AppData\Local\Programs\MiKTeX\tex/generic/pdftexcmds\pdftexc
mds.sty
Package: pdftexcmds 2020-06-27 v0.33 Utility functions of pdfTeX for LuaTeX (HO
)

(C:\Users\egilruiz\AppData\Local\Programs\MiKTeX\tex/generic/infwarerr\infwarer
r.sty
Package: infwarerr 2019/12/03 v1.5 Providing info/warning/error messages (HO)
)
Package pdftexcmds Info: \pdf@primitive is available.
Package pdftexcmds Info: \pdf@ifprimitive is available.
Package pdftexcmds Info: \pdfdraftmode found.
)
(C:\Users\egilruiz\AppData\Local\Programs\MiKTeX\tex/latex/graphics\keyval.sty
Package: keyval 2014/10/28 v1.15 key=value parser (DPC)
\KV@toks@=\toks20
)
(C:\Users\egilruiz\AppData\Local\Programs\MiKTeX\tex/generic/kvsetkeys\kvsetkey
s.sty
Package: kvsetkeys 2019/12/15 v1.18 Key value parser (HO)
)
(C:\Users\egilruiz\AppData\Local\Programs\MiKTeX\tex/generic/kvdefinekeys\kvdef
inekeys.sty
Package: kvdefinekeys 2019-12-19 v1.6 Define keys (HO)
)
(C:\Users\egilruiz\AppData\Local\Programs\MiKTeX\tex/generic/pdfescape\pdfescap
e.sty
Package: pdfescape 2019/12/09 v1.15 Implements pdfTeX's escape features (HO)
)
(C:\Users\egilruiz\AppData\Local\Programs\MiKTeX\tex/latex/hycolor\hycolor.sty
Package: hycolor 2020-01-27 v1.10 Color options for hyperref/bookmark (HO)
)
(C:\Users\egilruiz\AppData\Local\Programs\MiKTeX\tex/latex/letltxmacro\letltxma
cro.sty
Package: letltxmacro 2019/12/03 v1.6 Let assignment for LaTeX macros (HO)
)
(C:\Users\egilruiz\AppData\Local\Programs\MiKTeX\tex/latex/auxhook\auxhook.sty
Package: auxhook 2019-12-17 v1.6 Hooks for auxiliary files (HO)
)
(C:\Users\egilruiz\AppData\Local\Programs\MiKTeX\tex/latex/kvoptions\kvoptions.
sty
Package: kvoptions 2019/11/29 v3.13 Key value format for package options (HO)
)
\@linkdim=\dimen140
\Hy@linkcounter=\count188
\Hy@pagecounter=\count189

(C:\Users\egilruiz\AppData\Local\Programs\MiKTeX\tex/latex/hyperref\pd1enc.def
File: pd1enc.def 2020-05-15 v7.00e Hyperref: PDFDocEncoding definition (HO)
Now handling font encoding PD1 ...
... no UTF-8 mapping file for font encoding PD1
)
(C:\Users\egilruiz\AppData\Local\Programs\MiKTeX\tex/generic/intcalc\intcalc.st
y
Package: intcalc 2019/12/15 v1.3 Expandable calculations with integers (HO)
)
(C:\Users\egilruiz\AppData\Local\Programs\MiKTeX\tex/generic/etexcmds\etexcmds.
sty
Package: etexcmds 2019/12/15 v1.7 Avoid name clashes with e-TeX commands (HO)
)
\Hy@SavedSpaceFactor=\count190


Package hyperref Warning: Invalid value `0'
(hyperref)                for option `pdfborder'.
(hyperref)                Option setting is ignored on input line 4338.

Package hyperref Info: Option `hyperindex' set `true' on input line 4338.
Package hyperref Info: Option `pdfpagelabels' set `true' on input line 4338.
Package hyperref Info: Option `hypertexnames' set `false' on input line 4338.
Package hyperref Info: Hyper figures OFF on input line 4464.
Package hyperref Info: Link nesting OFF on input line 4469.
Package hyperref Info: Hyper index ON on input line 4472.
Package hyperref Info: Plain pages OFF on input line 4479.
Package hyperref Info: Backreferencing OFF on input line 4484.
Package hyperref Info: Implicit mode ON; LaTeX internals redefined.
Package hyperref Info: Bookmarks ON on input line 4717.
\c@Hy@tempcnt=\count191
LaTeX Info: Redefining \url on input line 5076.
\XeTeXLinkMargin=\dimen141
(C:\Users\egilruiz\AppData\Local\Programs\MiKTeX\tex/generic/bitset\bitset.sty
Package: bitset 2019/12/09 v1.3 Handle bit-vector datatype (HO)

(C:\Users\egilruiz\AppData\Local\Programs\MiKTeX\tex/generic/bigintcalc\bigintc
alc.sty
Package: bigintcalc 2019/12/15 v1.5 Expandable calculations on big integers (HO
)
))
\Fld@menulength=\count192
\Field@Width=\dimen142
\Fld@charsize=\dimen143
Package hyperref Info: Hyper figures OFF on input line 6347.
Package hyperref Info: Link nesting OFF on input line 6352.
Package hyperref Info: Hyper index ON on input line 6355.
Package hyperref Info: backreferencing OFF on input line 6362.
Package hyperref Info: Link coloring OFF on input line 6367.
Package hyperref Info: Link coloring with OCG OFF on input line 6372.
Package hyperref Info: PDF/A mode OFF on input line 6377.
LaTeX Info: Redefining \ref on input line 6417.
LaTeX Info: Redefining \pageref on input line 6421.

(C:\Users\egilruiz\AppData\Local\Programs\MiKTeX\tex/latex/base\atbegshi-ltx.st
y
Package: atbegshi-ltx 2020/08/17 v1.0a Emulation of the original atbegshi packa
ge
with kernel methods
)
\Hy@abspage=\count193
\c@Item=\count194
\c@Hfootnote=\count195
)
Package hyperref Info: Driver (autodetected): hpdftex.

(C:\Users\egilruiz\AppData\Local\Programs\MiKTeX\tex/latex/hyperref\hpdftex.def
File: hpdftex.def 2020-05-15 v7.00e Hyperref driver for pdfTeX

(C:\Users\egilruiz\AppData\Local\Programs\MiKTeX\tex/latex/base\atveryend-ltx.s
ty
Package: atveryend-ltx 2020/08/19 v1.0a Emulation of the original atvery packag
e
with kernel methods
)
\Fld@listcount=\count196
\c@bookmark@seq@number=\count197

(C:\Users\egilruiz\AppData\Local\Programs\MiKTeX\tex/latex/rerunfilecheck\rerun
filecheck.sty
Package: rerunfilecheck 2019/12/05 v1.9 Rerun checks for auxiliary files (HO)

(C:\Users\egilruiz\AppData\Local\Programs\MiKTeX\tex/generic/uniquecounter\uniq
uecounter.sty
Package: uniquecounter 2019/12/15 v1.4 Provide unlimited unique counter (HO)
)
Package uniquecounter Info: New unique counter `rerunfilecheck' on input line 2
86.
)
\Hy@SectionHShift=\skip58
)
Package hyperref Info: Option `colorlinks' set `false' on input line 289.

(C:\Users\egilruiz\AppData\Local\Programs\MiKTeX\tex/latex/base\makeidx.sty
Package: makeidx 2014/09/29 v1.0m Standard LaTeX package
)
\@indexfile=\write4
\openout4 = `TFGLecturaFacil.idx'.


Writing index file TFGLecturaFacil.idx
(C:\Users\egilruiz\AppData\Local\Programs\MiKTeX\tex/latex/tools\multicol.sty
Package: multicol 2019/12/09 v1.8y multicolumn formatting (FMi)
\c@tracingmulticols=\count198
\mult@box=\box47
\multicol@leftmargin=\dimen144
\c@unbalance=\count199
\c@collectmore=\count266
\doublecol@number=\count267
\multicoltolerance=\count268
\multicolpretolerance=\count269
\full@width=\dimen145
\page@free=\dimen146
\premulticols=\dimen147
\postmulticols=\dimen148
\multicolsep=\skip59
\multicolbaselineskip=\skip60
\partial@page=\box48
\last@line=\box49
\maxbalancingoverflow=\dimen149
\mult@rightbox=\box50
\mult@grightbox=\box51
\mult@gfirstbox=\box52
\mult@firstbox=\box53
\@tempa=\box54
\@tempa=\box55
\@tempa=\box56
\@tempa=\box57
\@tempa=\box58
\@tempa=\box59
\@tempa=\box60
\@tempa=\box61
\@tempa=\box62
\@tempa=\box63
\@tempa=\box64
\@tempa=\box65
\@tempa=\box66
\@tempa=\box67
\@tempa=\box68
\@tempa=\box69
\@tempa=\box70
\@tempa=\box71
\@tempa=\box72
\@tempa=\box73
\@tempa=\box74
\@tempa=\box75
\@tempa=\box76
\@tempa=\box77
\@tempa=\box78
\@tempa=\box79
\@tempa=\box80
\@tempa=\box81
\@tempa=\box82
\@tempa=\box83
\@tempa=\box84
\@tempa=\box85
\@tempa=\box86
\@tempa=\box87
\@tempa=\box88
\@tempa=\box89
\@tempa=\box90
\c@minrows=\count270
\c@columnbadness=\count271
\c@finalcolumnbadness=\count272
\last@try=\dimen150
\multicolovershoot=\dimen151
\multicolundershoot=\dimen152
\mult@nat@firstbox=\box91
\colbreak@box=\box92
\mc@col@check@num=\count273
)
(C:\Users\egilruiz\AppData\Local\Programs\MiKTeX\tex/latex/subfig\subfig.sty
Package: subfig 2005/06/28 ver: 1.3 subfig package

(C:\Users\egilruiz\AppData\Local\Programs\MiKTeX\tex/latex/caption\caption.sty
Package: caption 2020/09/12 v3.5b Customizing captions (AR)

(C:\Users\egilruiz\AppData\Local\Programs\MiKTeX\tex/latex/caption\caption3.sty
Package: caption3 2020/09/17 v2.1b caption3 kernel (AR)
\captionmargin=\dimen153
\captionmargin@=\dimen154
\captionwidth=\dimen155
\caption@tempdima=\dimen156
\caption@indent=\dimen157
\caption@parindent=\dimen158
\caption@hangindent=\dimen159
Package caption Info: Standard document class detected.
)
\c@caption@flags=\count274
\c@continuedfloat=\count275
Package caption Info: hyperref package is loaded.
)
\c@KVtest=\count276
\sf@farskip=\skip61
\sf@captopadj=\dimen160
\sf@capskip=\skip62
\sf@nearskip=\skip63
\c@subfigure=\count277
\c@subfigure@save=\count278
\c@lofdepth=\count279
\c@subtable=\count280
\c@subtable@save=\count281
\c@lotdepth=\count282
\sf@top=\skip64
\sf@bottom=\skip65
)
\sf@box=\box93

(C:\Users\egilruiz\AppData\Local\Programs\MiKTeX\tex/latex/listings\listings.st
y
\lst@mode=\count283
\lst@gtempboxa=\box94
\lst@token=\toks21
\lst@length=\count284
\lst@currlwidth=\dimen161
\lst@column=\count285
\lst@pos=\count286
\lst@lostspace=\dimen162
\lst@width=\dimen163
\lst@newlines=\count287
\lst@lineno=\count288
\lst@maxwidth=\dimen164

(C:\Users\egilruiz\AppData\Local\Programs\MiKTeX\tex/latex/listings\lstmisc.sty
File: lstmisc.sty 2020/03/24 1.8d (Carsten Heinz)
\c@lstnumber=\count289
\lst@skipnumbers=\count290
\lst@framebox=\box95
)
(C:\Users\egilruiz\AppData\Local\Programs\MiKTeX\tex/latex/listings\listings.cf
g
File: listings.cfg 2020/03/24 1.8d listings configuration
))
Package: listings 2020/03/24 1.8d (Carsten Heinz)

(C:\Users\egilruiz\AppData\Local\Programs\MiKTeX\tex/latex/tools\tabularx.sty
Package: tabularx 2020/01/15 v2.11c `tabularx' package (DPC)

(C:\Users\egilruiz\AppData\Local\Programs\MiKTeX\tex/latex/tools\array.sty
Package: array 2019/08/31 v2.4l Tabular extension package (FMi)
\col@sep=\dimen165
\ar@mcellbox=\box96
\extrarowheight=\dimen166
\NC@list=\toks22
\extratabsurround=\skip66
\backup@length=\skip67
\ar@cellbox=\box97
)
\TX@col@width=\dimen167
\TX@old@table=\dimen168
\TX@old@col=\dimen169
\TX@target=\dimen170
\TX@delta=\dimen171
\TX@cols=\count291
\TX@ftn=\toks23
)
(C:\Users\egilruiz\AppData\Local\Programs\MiKTeX\tex/latex/base\fontenc.sty
Package: fontenc 2020/08/10 v2.0s Standard LaTeX package
)
(C:\Users\egilruiz\AppData\Local\Programs\MiKTeX\tex/latex/graphics\epsfig.sty
Package: epsfig 2017/06/25 v1.7b (e)psfig emulation (SPQR)

(C:\Users\egilruiz\AppData\Local\Programs\MiKTeX\tex/latex/graphics\graphicx.st
y
Package: graphicx 2020/09/09 v1.2b Enhanced LaTeX Graphics (DPC,SPQR)

(C:\Users\egilruiz\AppData\Local\Programs\MiKTeX\tex/latex/graphics\graphics.st
y
Package: graphics 2020/08/30 v1.4c Standard LaTeX Graphics (DPC,SPQR)
 (C:\Users\egilruiz\AppData\Local\Programs\MiKTeX\tex/latex/graphics\trig.sty
Package: trig 2016/01/03 v1.10 sin cos tan (DPC)
)
(C:\Users\egilruiz\AppData\Local\Programs\MiKTeX\tex/latex/graphics-cfg\graphic
s.cfg
File: graphics.cfg 2016/06/04 v1.11 sample graphics configuration
)
Package graphics Info: Driver file: pdftex.def on input line 105.

(C:\Users\egilruiz\AppData\Local\Programs\MiKTeX\tex/latex/graphics-def\pdftex.
def
File: pdftex.def 2020/10/05 v1.2a Graphics/color driver for pdftex
))
\Gin@req@height=\dimen172
\Gin@req@width=\dimen173
)
\epsfxsize=\dimen174
\epsfysize=\dimen175
)
(C:\Users\egilruiz\AppData\Local\Programs\MiKTeX\tex/latex/tools\calc.sty
Package: calc 2017/05/25 v4.3 Infix arithmetic (KKT,FJ)
\calc@Acount=\count292
\calc@Bcount=\count293
\calc@Adimen=\dimen176
\calc@Bdimen=\dimen177
\calc@Askip=\skip68
\calc@Bskip=\skip69
LaTeX Info: Redefining \setlength on input line 80.
LaTeX Info: Redefining \addtolength on input line 81.
\calc@Ccount=\count294
\calc@Cskip=\skip70
)
(C:\Users\egilruiz\AppData\Local\Programs\MiKTeX\tex/latex/titlesec\titlesec.st
y
Package: titlesec 2019/10/16 v2.13 Sectioning titles
\ttl@box=\box98
\beforetitleunit=\skip71
\aftertitleunit=\skip72
\ttl@plus=\dimen178
\ttl@minus=\dimen179
\ttl@toksa=\toks24
\titlewidth=\dimen180
\titlewidthlast=\dimen181
\titlewidthfirst=\dimen182
)
(C:\Users\egilruiz\AppData\Local\Programs\MiKTeX\tex/latex/csquotes\csquotes.st
y
Package: csquotes 2019-12-06 v5.2j context-sensitive quotations (JAW)

(C:\Users\egilruiz\AppData\Local\Programs\MiKTeX\tex/latex/etoolbox\etoolbox.st
y
Package: etoolbox 2020/10/05 v2.5k e-TeX tools for LaTeX (JAW)
\etb@tempcnta=\count295
)
\csq@reset=\count296
\csq@gtype=\count297
\csq@glevel=\count298
\csq@qlevel=\count299
\csq@maxlvl=\count300
\csq@tshold=\count301
\csq@ltx@everypar=\toks25

(C:\Users\egilruiz\AppData\Local\Programs\MiKTeX\tex/latex/csquotes\csquotes.de
f
File: csquotes.def 2019-12-06 v5.2j csquotes generic definitions (JAW)
)
Package csquotes Info: Trying to load configuration file 'csquotes.cfg'...
Package csquotes Info: ... configuration file loaded successfully.

(C:\Users\egilruiz\AppData\Local\Programs\MiKTeX\tex/latex/csquotes\csquotes.cf
g
File: csquotes.cfg 
))
(C:\Users\egilruiz\AppData\Local\Programs\MiKTeX\tex/latex/pdfpages\pdfpages.st
y
Package: pdfpages 2020/01/28 v0.5q Insert pages of external PDF documents (AM)
 (C:\Users\egilruiz\AppData\Local\Programs\MiKTeX\tex/latex/base\ifthen.sty
Package: ifthen 2014/09/29 v1.1c Standard LaTeX ifthen package (DPC)
)
(C:\Users\egilruiz\AppData\Local\Programs\MiKTeX\tex/latex/eso-pic\eso-pic.sty
Package: eso-pic 2020/09/27 v2.0i eso-pic (RN)
\ESO@tempdima=\dimen183
\ESO@tempdimb=\dimen184

(C:\Users\egilruiz\AppData\Local\Programs\MiKTeX\tex/latex/xcolor\xcolor.sty
Package: xcolor 2016/05/11 v2.12 LaTeX color extensions (UK)

(C:\Users\egilruiz\AppData\Local\Programs\MiKTeX\tex/latex/graphics-cfg\color.c
fg
File: color.cfg 2016/01/02 v1.6 sample color configuration
)
Package xcolor Info: Driver file: pdftex.def on input line 225.
Package xcolor Info: Model `cmy' substituted by `cmy0' on input line 1348.
Package xcolor Info: Model `hsb' substituted by `rgb' on input line 1352.
Package xcolor Info: Model `RGB' extended on input line 1364.
Package xcolor Info: Model `HTML' substituted by `rgb' on input line 1366.
Package xcolor Info: Model `Hsb' substituted by `hsb' on input line 1367.
Package xcolor Info: Model `tHsb' substituted by `hsb' on input line 1368.
Package xcolor Info: Model `HSB' substituted by `hsb' on input line 1369.
Package xcolor Info: Model `Gray' substituted by `gray' on input line 1370.
Package xcolor Info: Model `wave' substituted by `hsb' on input line 1371.
))
\AM@pagewidth=\dimen185
\AM@pageheight=\dimen186

(C:\Users\egilruiz\AppData\Local\Programs\MiKTeX\tex/latex/pdfpages\pppdftex.de
f
File: pppdftex.def 2020/01/28 v0.5q Pdfpages driver for pdfTeX (AM)
)
\AM@pagebox=\box99
\AM@global@opts=\toks26
\AM@pagecnt=\count302
\AM@toc@title=\toks27
\c@AM@survey=\count303
\AM@templatesizebox=\box100
)
(C:\Users\egilruiz\AppData\Local\Programs\MiKTeX\tex/latex/lipsum\lipsum.sty
(C:\Users\egilruiz\AppData\Local\Programs\MiKTeX\tex/latex/l3kernel\expl3.sty
Package: expl3 2020-10-05 L3 programming layer (loader) 

(C:\Users\egilruiz\AppData\Local\Programs\MiKTeX\tex/latex/l3backend\l3backend-
pdftex.def
File: l3backend-pdftex.def 2020-09-24 L3 backend support: PDF output (pdfTeX)
\l__kernel_color_stack_int=\count304
\l__pdf_internal_box=\box101
))
(C:\Users\egilruiz\AppData\Local\Programs\MiKTeX\tex/latex/l3packages/xparse\xp
arse.sty
Package: xparse 2020-10-05 L3 Experimental document command parser

(C:\Users\egilruiz\AppData\Local\Programs\MiKTeX\tex/latex/l3packages/xparse\xp
arse-generic.tex))
Package: lipsum 2019/01/02 v2.2 150 paragraphs of Lorem Ipsum dummy text

(C:\Users\egilruiz\AppData\Local\Programs\MiKTeX\tex/latex/lipsum\lipsum.ltd.te
x
File: lipsum.ltd.tex 2019/01/02 v2.2 The Lorem ipsum dummy text
)))
\@input{TeXiS/TeXiS_cab.aux}
\openout2 = `TeXiS/TeXiS_cab.aux'.

(TeXiS/TeXiS_cab.tex
(C:\Users\egilruiz\AppData\Local\Programs\MiKTeX\tex/latex/fancyhdr\fancyhdr.st
y
Package: fancyhdr 2019/01/31 v3.10 Extensive control of page headers and footer
s
\f@nch@headwidth=\skip73
\f@nch@O@elh=\skip74
\f@nch@O@erh=\skip75
\f@nch@O@olh=\skip76
\f@nch@O@orh=\skip77
\f@nch@O@elf=\skip78
\f@nch@O@erf=\skip79
\f@nch@O@olf=\skip80
\f@nch@O@orf=\skip81
))
\@input{TeXiS/TeXiS_cover.aux}
\openout2 = `TeXiS/TeXiS_cover.aux'.

(TeXiS/TeXiS_cover.tex)
\@input{TeXiS/TeXiS_dedic.aux}
\openout2 = `TeXiS/TeXiS_dedic.aux'.

(TeXiS/TeXiS_dedic.tex)
\@input{TeXiS/TeXiS_bib.aux}
\openout2 = `TeXiS/TeXiS_bib.aux'.

(TeXiS/TeXiS_bib.tex))
(C:\Users\egilruiz\AppData\Local\Programs\MiKTeX\tex/latex/float\float.sty
Package: float 2001/11/08 v1.3d Float enhancements (AL)
\c@float@type=\count305
\float@exts=\toks28
\float@box=\box102
\@float@everytoks=\toks29
\@floatcapt=\box103
)
(C:\Users\egilruiz\AppData\Local\Programs\MiKTeX\tex/latex/subfigure\subfigure.
sty
Package: subfigure 2002/07/30 v2.1.4 subfigure package
\subfigtopskip=\skip82
\subfigcapskip=\skip83
\subfigcaptopadj=\dimen187
\subfigbottomskip=\skip84
\subfigcapmargin=\dimen188
\subfiglabelskip=\skip85


! LaTeX Error: Command \c@subfigure already defined.
               Or name \end... illegal, see p.192 of the manual.

See the LaTeX manual or LaTeX Companion for explanation.
Type  H <return>  for immediate help.
 ...                                              
                                                  
l.88 \newcounter{subfigure}
                           [figure]
Your command was ignored.
Type  I <command> <return>  to replace it with another command,
or  <return>  to continue without it.


! LaTeX Error: Command \l@subfigure already defined.
               Or name \end... illegal, see p.192 of the manual.

See the LaTeX manual or LaTeX Companion for explanation.
Type  H <return>  for immediate help.
 ...                                              
                                                  
l.98 ...dxxxline{\ext@subfigure}{2}{3.8em}{2.5em}}
                                                  
Your command was ignored.
Type  I <command> <return>  to replace it with another command,
or  <return>  to continue without it.


! LaTeX Error: Command \c@lofdepth already defined.
               Or name \end... illegal, see p.192 of the manual.

See the LaTeX manual or LaTeX Companion for explanation.
Type  H <return>  for immediate help.
 ...                                              
                                                  
l.99 \newcounter{lofdepth}
                          
Your command was ignored.
Type  I <command> <return>  to replace it with another command,
or  <return>  to continue without it.


! LaTeX Error: Command \c@subtable already defined.
               Or name \end... illegal, see p.192 of the manual.

See the LaTeX manual or LaTeX Companion for explanation.
Type  H <return>  for immediate help.
 ...                                              
                                                  
l.101 \newcounter{subtable}
                           [table]
Your command was ignored.
Type  I <command> <return>  to replace it with another command,
or  <return>  to continue without it.


! LaTeX Error: Command \l@subtable already defined.
               Or name \end... illegal, see p.192 of the manual.

See the LaTeX manual or LaTeX Companion for explanation.
Type  H <return>  for immediate help.
 ...                                              
                                                  
l.111 ...dxxxline{\ext@subtable}{2}{3.8em}{2.5em}}
                                                  
Your command was ignored.
Type  I <command> <return>  to replace it with another command,
or  <return>  to continue without it.


! LaTeX Error: Command \c@lotdepth already defined.
               Or name \end... illegal, see p.192 of the manual.

See the LaTeX manual or LaTeX Companion for explanation.
Type  H <return>  for immediate help.
 ...                                              
                                                  
l.112 \newcounter{lotdepth}
                           
Your command was ignored.
Type  I <command> <return>  to replace it with another command,
or  <return>  to continue without it.

****************************************
* Local config file subfigure.cfg used *
****************************************

(C:\Users\egilruiz\AppData\Local\Programs\MiKTeX\tex/latex/subfigure\subfigure.
cfg)
\subfig@top=\skip86
\subfig@bottom=\skip87


! LaTeX Error: Command \listsubcaptions already defined.
               Or name \end... illegal, see p.192 of the manual.

See the LaTeX manual or LaTeX Companion for explanation.
Type  H <return>  for immediate help.
 ...                                              
                                                  
l.269     {\@listsubcaptions{\@captype}}}
                                         
Your command was ignored.
Type  I <command> <return>  to replace it with another command,
or  <return>  to continue without it.


! LaTeX Error: Command \@listsubcaptions already defined.
               Or name \end... illegal, see p.192 of the manual.

See the LaTeX manual or LaTeX Companion for explanation.
Type  H <return>  for immediate help.
 ...                                              
                                                  
l.280   \gdef\@subfigcaptionlist{}}
                                   
Your command was ignored.
Type  I <command> <return>  to replace it with another command,
or  <return>  to continue without it.


! LaTeX Error: Command \@dottedxxxline already defined.
               Or name \end... illegal, see p.192 of the manual.

See the LaTeX manual or LaTeX Companion for explanation.
Type  H <return>  for immediate help.
 ...                                              
                                                  
l.333   \fi}
            
Your command was ignored.
Type  I <command> <return>  to replace it with another command,
or  <return>  to continue without it.


! LaTeX Error: Command \subfloat@label already defined.
               Or name \end... illegal, see p.192 of the manual.

See the LaTeX manual or LaTeX Companion for explanation.
Type  H <return>  for immediate help.
 ...                                              
                                                  
l.361 ...           \@nameuse{thesub\@captype}.)}}
                                                  
Your command was ignored.
Type  I <command> <return>  to replace it with another command,
or  <return>  to continue without it.


! LaTeX Error: Command \sf@@sub@label already defined.
               Or name \end... illegal, see p.192 of the manual.

See the LaTeX manual or LaTeX Companion for explanation.
Type  H <return>  for immediate help.
 ...                                              
                                                  
l.386   \@esphack}
                  
Your command was ignored.
Type  I <command> <return>  to replace it with another command,
or  <return>  to continue without it.


! LaTeX Error: Command \subref already defined.
               Or name \end... illegal, see p.192 of the manual.

See the LaTeX manual or LaTeX Companion for explanation.
Type  H <return>  for immediate help.
 ...                                              
                                                  
l.388   \ref{sub@#1}}
                     
Your command was ignored.
Type  I <command> <return>  to replace it with another command,
or  <return>  to continue without it.

)
(C:\Users\egilruiz\AppData\Local\Programs\MiKTeX\tex/latex/caption\subcaption.s
ty
Package: subcaption 2020/08/23 v1.3g Sub-captions (AR)


! Package subcaption Error: This package can't be used in cooperation
(subcaption)                with the subfigure package.

See the subcaption package documentation for explanation.
Type  H <return>  for immediate help.
 ...                                              
                                                  
l.67 \subcaption@CheckCompatibility
                                   
If you do not understand this error, please take a closer look
at the documentation of the `subcaption' package, especially the
section about errors.
Try typing  <return>  to proceed.
If that doesn't work, type  X <return>  to quit.


! Package subcaption Error: This package can't be used in cooperation
(subcaption)                with the subfig package.

See the subcaption package documentation for explanation.
Type  H <return>  for immediate help.
 ...                                              
                                                  
l.67 \subcaption@CheckCompatibility
                                   
If you do not understand this error, please take a closer look
at the documentation of the `subcaption' package, especially the
section about errors.
Try typing  <return>  to proceed.
If that doesn't work, type  X <return>  to quit.

)
(C:\Users\egilruiz\AppData\Local\Programs\MiKTeX\tex/latex/cleveref\cleveref.st
y
Package: cleveref 2018/03/27 v0.21.4 Intelligent cross-referencing
Package cleveref Info: `hyperref' support loaded on input line 2370.
LaTeX Info: Redefining \cref on input line 2370.
LaTeX Info: Redefining \Cref on input line 2370.
LaTeX Info: Redefining \crefrange on input line 2370.
LaTeX Info: Redefining \Crefrange on input line 2370.
LaTeX Info: Redefining \cpageref on input line 2370.
LaTeX Info: Redefining \Cpageref on input line 2370.
LaTeX Info: Redefining \cpagerefrange on input line 2370.
LaTeX Info: Redefining \Cpagerefrange on input line 2370.
LaTeX Info: Redefining \labelcref on input line 2370.
LaTeX Info: Redefining \labelcpageref on input line 2370.
Package cleveref Info: `listings' support loaded on input line 3131.
Package cleveref Info: `subfig' support loaded on input line 3164.
)
\@input{constantes.aux}
\openout2 = `constantes.aux'.

(constantes.tex)
Package csquotes Info: Checking for multilingual support...
Package csquotes Info: ... found 'babel' package.
Package csquotes Info: Adjusting default style.
Package csquotes Info: Redefining alias 'default' -> 'spanish'.
 (TFGLecturaFacil.aux (Cascaras/cover.aux)
LaTeX Info: Redefining \. on input line 27.
LaTeX Info: Redefining \% on input line 27.

(Cascaras/autorizacion.aux) (Cascaras/agradecimientos.aux)
(Cascaras/resumen.aux) (Cascaras/abstract.aux) (TeXiS/TeXiS_toc.aux)
LaTeX Info: Redefining \. on input line 34.
LaTeX Info: Redefining \% on input line 34.

(Capitulos/Introduccion.aux) (Capitulos/Introduction.aux)
(Capitulos/EstadoDeLaCuestion.aux)
LaTeX Info: Redefining \. on input line 39.
LaTeX Info: Redefining \% on input line 39.
 (Capitulos/Herramientas.aux)
(Capitulos/AsistenteWebInteractivo.aux) (Capitulos/Implementacion.aux)
(Capitulos/ConclusionesTrabajoFuturo.aux) (Capitulos/ConclusionsFutureWork.aux)
(Capitulos/TrabajoIndividual.aux)
LaTeX Info: Redefining \. on input line 47.
LaTeX Info: Redefining \% on input line 47.
 (Cascaras/bibliografia.aux) (Cascaras/fin.aux))
\openout1 = `TFGLecturaFacil.aux'.

LaTeX Font Info:    Checking defaults for OML/cmm/m/it on input line 180.
LaTeX Font Info:    ... okay on input line 180.
LaTeX Font Info:    Checking defaults for OMS/cmsy/m/n on input line 180.
LaTeX Font Info:    ... okay on input line 180.
LaTeX Font Info:    Checking defaults for OT1/cmr/m/n on input line 180.
LaTeX Font Info:    ... okay on input line 180.
LaTeX Font Info:    Checking defaults for T1/cmr/m/n on input line 180.
LaTeX Font Info:    ... okay on input line 180.
LaTeX Font Info:    Checking defaults for TS1/cmr/m/n on input line 180.
LaTeX Font Info:    ... okay on input line 180.
LaTeX Font Info:    Checking defaults for OMX/cmex/m/n on input line 180.
LaTeX Font Info:    ... okay on input line 180.
LaTeX Font Info:    Checking defaults for U/cmr/m/n on input line 180.
LaTeX Font Info:    ... okay on input line 180.
LaTeX Font Info:    Checking defaults for PD1/pdf/m/n on input line 180.
LaTeX Font Info:    ... okay on input line 180.
LaTeX Info: Redefining \. on input line 180.
LaTeX Info: Redefining \% on input line 180.
Package hyperref Info: Link coloring OFF on input line 180.

(C:\Users\egilruiz\AppData\Local\Programs\MiKTeX\tex/latex/hyperref\nameref.sty
Package: nameref 2019/09/16 v2.46 Cross-referencing by name of section

(C:\Users\egilruiz\AppData\Local\Programs\MiKTeX\tex/latex/refcount\refcount.st
y
Package: refcount 2019/12/15 v3.6 Data extraction from label references (HO)
)
(C:\Users\egilruiz\AppData\Local\Programs\MiKTeX\tex/generic/gettitlestring\get
titlestring.sty
Package: gettitlestring 2019/12/15 v1.6 Cleanup title references (HO)
)
\c@section@level=\count306
)
LaTeX Info: Redefining \ref on input line 180.
LaTeX Info: Redefining \pageref on input line 180.
LaTeX Info: Redefining \nameref on input line 180.
 (TFGLecturaFacil.out) (TFGLecturaFacil.out)
\@outlinefile=\write5
\openout5 = `TFGLecturaFacil.out'.

Package caption Info: Begin \AtBeginDocument code.
Package caption Info: subfig package v1.3 is loaded.
Package caption Info: float package is loaded.
Package caption Info: listings package is loaded.
Package caption Info: subfigure package is loaded.
Package caption Info: End \AtBeginDocument code.
\c@lstlisting=\count307

(C:\Users\egilruiz\AppData\Local\Programs\MiKTeX\tex/context/base/mkii\supp-pdf
.mkii
[Loading MPS to PDF converter (version 2006.09.02).]
\scratchcounter=\count308
\scratchdimen=\dimen189
\scratchbox=\box104
\nofMPsegments=\count309
\nofMParguments=\count310
\everyMPshowfont=\toks30
\MPscratchCnt=\count311
\MPscratchDim=\dimen190
\MPnumerator=\count312
\makeMPintoPDFobject=\count313
\everyMPtoPDFconversion=\toks31
)
(C:\Users\egilruiz\AppData\Local\Programs\MiKTeX\tex/latex/epstopdf-pkg\epstopd
f-base.sty
Package: epstopdf-base 2020-01-24 v2.11 Base part for package epstopdf
Package epstopdf-base Info: Redefining graphics rule for `.eps' on input line 4
85.
)
(C:\Users\egilruiz\AppData\Local\Programs\MiKTeX\tex/latex/pdflscape\pdflscape.
sty
Package: pdflscape 2019/12/05 v0.12 Display of landscape pages in PDF (HO)

(C:\Users\egilruiz\AppData\Local\Programs\MiKTeX\tex/latex/graphics\lscape.sty
Package: lscape 2020/05/28 v3.02 Landscape Pages (DPC)
)
Package pdflscape Info: Auto-detected driver: pdftex on input line 81.
) (guionado.tex)
\openout2 = `Cascaras/cover.aux'.

 (Cascaras/cover.tex
\cambioIzquierdo=\skip88
\cambioDerecho=\skip89
\margenPortada=\skip90
\evensidemarginOriginal=\skip91
\oddsidemarginOriginal=\skip92
\longTitulo=\skip93
<Imagenes/Vectorial/escudoUCM.pdf, id=283, 597.23125pt x 844.15375pt>
File: Imagenes/Vectorial/escudoUCM.pdf Graphic file (type pdf)
<use Imagenes/Vectorial/escudoUCM.pdf>
Package pdftex.def Info: Imagenes/Vectorial/escudoUCM.pdf  used on input line 1
59.
(pdftex.def)             Requested size: 119.44412pt x 168.82776pt.
\c@lastyear=\count314
 [1
























{C:/Users/egilruiz/AppData/Local/MiKTeX/pdftex/config/pdftex.map} <./Imagenes/V
ectorial/escudoUCM.pdf>] [2]

! LaTeX Error: There's no line here to end.

See the LaTeX manual or LaTeX Companion for explanation.
Type  H <return>  for immediate help.
 ...                                              
                                                  
l.159 \makeCover
                
Your command was ignored.
Type  I <command> <return>  to replace it with another command,
or  <return>  to continue without it.

[3])
\openout2 = `Cascaras/agradecimientos.aux'.

 (Cascaras/agradecimientos.tex [4




]) [5]
\openout2 = `Cascaras/resumen.aux'.

 (Cascaras/resumen.tex [6




]
LaTeX Font Info:    External font `cmex10' loaded for size
(Font)              <10.95> on input line 3.
LaTeX Font Info:    External font `cmex10' loaded for size
(Font)              <8> on input line 3.
LaTeX Font Info:    External font `cmex10' loaded for size
(Font)              <6> on input line 3.

Underfull \vbox (badness 10000) has occurred while \output is active []

 [7])
[8]
\openout2 = `Cascaras/abstract.aux'.

 (Cascaras/abstract.tex
Underfull \vbox (badness 10000) has occurred while \output is active []

 [9




])
[10]
LaTeX Info: Redefining \. on input line 200.
LaTeX Info: Redefining \% on input line 200.
\openout2 = `TeXiS/TeXiS_toc.aux'.

 (TeXiS/TeXiS_toc.tex (TFGLecturaFacil.toc
LaTeX Info: Redefining \. on input line 1.
LaTeX Info: Redefining \% on input line 1.
LaTeX Info: Redefining \. on input line 3.
LaTeX Info: Redefining \% on input line 3.
 [11




]
LaTeX Info: Redefining \. on input line 37.
LaTeX Info: Redefining \% on input line 37.

Underfull \vbox (badness 10000) has occurred while \output is active []

 [12]
Underfull \vbox (badness 2293) has occurred while \output is active []

 [13]
LaTeX Info: Redefining \. on input line 72.
LaTeX Info: Redefining \% on input line 72.
)
\tf@toc=\write6
\openout6 = `TFGLecturaFacil.toc'.


[14] (TFGLecturaFacil.lof
LaTeX Info: Redefining \. on input line 1.
LaTeX Info: Redefining \% on input line 1.
LaTeX Info: Redefining \. on input line 3.
LaTeX Info: Redefining \% on input line 3.
LaTeX Info: Redefining \. on input line 21.
LaTeX Info: Redefining \% on input line 21.

Underfull \vbox (badness 7667) has occurred while \output is active []

 [15

]
Underfull \vbox (badness 10000) has occurred while \output is active []

 [16]
LaTeX Info: Redefining \. on input line 66.
LaTeX Info: Redefining \% on input line 66.
)
\tf@lof=\write7
\openout7 = `TFGLecturaFacil.lof'.


[17]) [18



]
\openout2 = `Capitulos/Introduccion.aux'.

 (Capitulos/Introduccion.tex
Cap\'itulo 1.
LaTeX Font Info:    Trying to load font information for OT1+phv on input line 1
.
(C:\Users\egilruiz\AppData\Local\Programs\MiKTeX\tex/latex/psnfss\ot1phv.fd
File: ot1phv.fd 2020/03/25 scalable font definitions for OT1/phv.
)
LaTeX Font Info:    Trying to load font information for OT1+ptm on input line 1
.

(C:\Users\egilruiz\AppData\Local\Programs\MiKTeX\tex/latex/psnfss\ot1ptm.fd
File: ot1ptm.fd 2001/06/04 font definitions for OT1/ptm.
)
[1


]
LaTeX Info: Redefining \. on input line 52.
LaTeX Info: Redefining \% on input line 52.
 [2])
LaTeX Info: Redefining \. on input line 220.
LaTeX Info: Redefining \% on input line 220.
 [3]
\openout2 = `Capitulos/Introduction.aux'.

 (Capitulos/Introduction.tex [4




]
Chapter 1.

Underfull \vbox (badness 10000) has occurred while \output is active []

 [5]
[6]) [7]
LaTeX Info: Redefining \. on input line 224.
LaTeX Info: Redefining \% on input line 224.
\openout2 = `Capitulos/EstadoDeLaCuestion.aux'.

 (Capitulos/EstadoDeLaCuestion.tex [8




]
Cap\'itulo 2.
[9]
<Imagenes/Ejemplos/Cap1DonQuijote.png, id=597, 566.115pt x 183.68625pt>
File: Imagenes/Ejemplos/Cap1DonQuijote.png Graphic file (type png)
<use Imagenes/Ejemplos/Cap1DonQuijote.png>
Package pdftex.def Info: Imagenes/Ejemplos/Cap1DonQuijote.png  used on input li
ne 24.
(pdftex.def)             Requested size: 396.0022pt x 128.49258pt.

Overfull \hbox (36.0022pt too wide) in paragraph at lines 24--25
 [][] 
 []

<Imagenes/Ejemplos/Cap1DonQuijoteLF.png, id=598, 397.485pt x 337.76187pt>
File: Imagenes/Ejemplos/Cap1DonQuijoteLF.png Graphic file (type png)
<use Imagenes/Ejemplos/Cap1DonQuijoteLF.png>
Package pdftex.def Info: Imagenes/Ejemplos/Cap1DonQuijoteLF.png  used on input 
line 32.
(pdftex.def)             Requested size: 288.0011pt x 244.73451pt.
LaTeX Font Info:    External font `cmex10' loaded for size
(Font)              <9> on input line 41.
LaTeX Font Info:    External font `cmex10' loaded for size
(Font)              <5> on input line 41.

Underfull \vbox (badness 4779) has occurred while \output is active []

LaTeX Info: Redefining \. on input line 42.
LaTeX Info: Redefining \% on input line 42.
 [10 <./Imagenes/Ejemplos/Cap1DonQuijote.png> <./Imagenes/Ejemplos/Cap1DonQuijo
teLF.png>]
LaTeX Info: Redefining \. on input line 69.
LaTeX Info: Redefining \% on input line 69.

[11]
<Imagenes/Ejemplos/destinatarios.jpg, id=628, 445.665pt x 443.6575pt>
File: Imagenes/Ejemplos/destinatarios.jpg Graphic file (type jpg)
<use Imagenes/Ejemplos/destinatarios.jpg>
Package pdftex.def Info: Imagenes/Ejemplos/destinatarios.jpg  used on input lin
e 76.
(pdftex.def)             Requested size: 288.0011pt x 286.7086pt.
<Imagenes/Logos/indice.png, id=633, 260.975pt x 194.7275pt>
File: Imagenes/Logos/indice.png Graphic file (type png)
<use Imagenes/Logos/indice.png>
Package pdftex.def Info: Imagenes/Logos/indice.png  used on input line 90.
(pdftex.def)             Requested size: 180.0pt x 134.30862pt.
<Imagenes/Logos/indice2.png, id=634, 225.84375pt x 224.84pt>
File: Imagenes/Logos/indice2.png Graphic file (type png)
<use Imagenes/Logos/indice2.png>
Package pdftex.def Info: Imagenes/Logos/indice2.png  used on input line 96.
(pdftex.def)             Requested size: 108.0011pt x 107.524pt.
LaTeX Info: Redefining \. on input line 100.
LaTeX Info: Redefining \% on input line 100.
 [12 <./Imagenes/Ejemplos/destinatarios.jpg>]
LaTeX Info: Redefining \. on input line 112.
LaTeX Info: Redefining \% on input line 112.
 [13 <./Imagenes/Logos/indice.png> <./Imagenes/Logos/indice2.png>]
LaTeX Info: Redefining \. on input line 177.
LaTeX Info: Redefining \% on input line 177.
 [14]
LaTeX Info: Redefining \. on input line 205.
LaTeX Info: Redefining \% on input line 205.
 [15]
LaTeX Info: Redefining \. on input line 230.
LaTeX Info: Redefining \% on input line 230.
 [16]
LaTeX Info: Redefining \. on input line 254.
LaTeX Info: Redefining \% on input line 254.
 [17]
LaTeX Info: Redefining \. on input line 272.
LaTeX Info: Redefining \% on input line 272.
 [18]
LaTeX Font Info:    Trying to load font information for T1+cmtt on input line 2
84.

(C:\Users\egilruiz\AppData\Local\Programs\MiKTeX\tex/latex/base\t1cmtt.fd
File: t1cmtt.fd 2019/12/16 v2.5j Standard LaTeX font definitions
)
<Imagenes/ProyectosMateriales/dytective1.png, id=741, 1046.40938pt x 563.10374p
t>
File: Imagenes/ProyectosMateriales/dytective1.png Graphic file (type png)
<use Imagenes/ProyectosMateriales/dytective1.png>
Package pdftex.def Info: Imagenes/ProyectosMateriales/dytective1.png  used on i
nput line 291.
(pdftex.def)             Requested size: 180.0pt x 96.86055pt.
<Imagenes/ProyectosMateriales/dytective.png, id=742, 1049.42062pt x 564.60938pt
>
File: Imagenes/ProyectosMateriales/dytective.png Graphic file (type png)
<use Imagenes/ProyectosMateriales/dytective.png>
Package pdftex.def Info: Imagenes/ProyectosMateriales/dytective.png  used on in
put line 294.
(pdftex.def)             Requested size: 180.0pt x 96.84384pt.

Overfull \hbox (14.52216pt too wide) in paragraph at lines 291--295
 [][][][] 
 []


LaTeX Warning: `h' float specifier changed to `ht'.


Underfull \vbox (badness 7291) has occurred while \output is active []

LaTeX Info: Redefining \. on input line 302.
LaTeX Info: Redefining \% on input line 302.
 [19]
<Imagenes/ProyectosMateriales/leeloFacil.png, id=759, 854.44218pt x 639.89063pt
>
File: Imagenes/ProyectosMateriales/leeloFacil.png Graphic file (type png)
<use Imagenes/ProyectosMateriales/leeloFacil.png>
Package pdftex.def Info: Imagenes/ProyectosMateriales/leeloFacil.png  used on i
nput line 305.
(pdftex.def)             Requested size: 323.9978pt x 242.6337pt.


LaTeX Warning: `h' float specifier changed to `ht'.

<Imagenes/ProyectosMateriales/simplext.png, id=764, 1424.32124pt x 729.47531pt>

File: Imagenes/ProyectosMateriales/simplext.png Graphic file (type png)
<use Imagenes/ProyectosMateriales/simplext.png>
Package pdftex.def Info: Imagenes/ProyectosMateriales/simplext.png  used on inp
ut line 318.
(pdftex.def)             Requested size: 360.0pt x 184.37193pt.

LaTeX Warning: `h' float specifier changed to `ht'.


Underfull \hbox (badness 10000) in paragraph at lines 325--325
[][][][]\T1/cmr/m/n/9 Descarga de la apli-ca-ción ``Fren-te al ais-la-mien-to. 
Nos co-nec-ta-mos'' en
 []


Underfull \vbox (badness 4303) has occurred while \output is active []

LaTeX Info: Redefining \. on input line 326.
LaTeX Info: Redefining \% on input line 326.
 [20 <./Imagenes/ProyectosMateriales/dytective1.png> <./Imagenes/ProyectosMater
iales/dytective.png>]
<Imagenes/ProyectosMateriales/plenaInclusion.png, id=780, 310.91156pt x 450.181
87pt>
File: Imagenes/ProyectosMateriales/plenaInclusion.png Graphic file (type png)
<use Imagenes/ProyectosMateriales/plenaInclusion.png>
Package pdftex.def Info: Imagenes/ProyectosMateriales/plenaInclusion.png  used 
on input line 334.
(pdftex.def)             Requested size: 180.0pt x 260.63168pt.
<Imagenes/ProyectosMateriales/plenaInclusion1.png, id=781, 312.41719pt x 447.17
062pt>
File: Imagenes/ProyectosMateriales/plenaInclusion1.png Graphic file (type png)
<use Imagenes/ProyectosMateriales/plenaInclusion1.png>
Package pdftex.def Info: Imagenes/ProyectosMateriales/plenaInclusion1.png  used
 on input line 337.
(pdftex.def)             Requested size: 180.0pt x 257.6465pt.

Overfull \hbox (14.52216pt too wide) in paragraph at lines 334--338
 [][][][] 
 []


LaTeX Warning: `h' float specifier changed to `ht'.

<Imagenes/ProyectosMateriales/capito.png, id=785, 1431.09656pt x 728.7225pt>
File: Imagenes/ProyectosMateriales/capito.png Graphic file (type png)
<use Imagenes/ProyectosMateriales/capito.png>
Package pdftex.def Info: Imagenes/ProyectosMateriales/capito.png  used on input
 line 350.
(pdftex.def)             Requested size: 288.0011pt x 146.6537pt.
LaTeX Info: Redefining \. on input line 354.
LaTeX Info: Redefining \% on input line 354.
[21 <./Imagenes/ProyectosMateriales/leeloFacil.png>]

LaTeX Warning: `h' float specifier changed to `ht'.

LaTeX Info: Redefining \. on input line 365.
LaTeX Info: Redefining \% on input line 365.
[22 <./Imagenes/ProyectosMateriales/simplext.png>]
<Imagenes/ProyectosMateriales/simpatico.png, id=805, 1434.10782pt x 727.96968pt
>
File: Imagenes/ProyectosMateriales/simpatico.png Graphic file (type png)
<use Imagenes/ProyectosMateriales/simpatico.png>
Package pdftex.def Info: Imagenes/ProyectosMateriales/simpatico.png  used on in
put line 369.
(pdftex.def)             Requested size: 360.0pt x 182.7362pt.


LaTeX Warning: `h' float specifier changed to `ht'.

LaTeX Info: Redefining \. on input line 383.
LaTeX Info: Redefining \% on input line 383.
[23 <./Imagenes/ProyectosMateriales/plenaInclusion.png> <./Imagenes/ProyectosMa
teriales/plenaInclusion1.png>]
<Imagenes/ProyectosMateriales/openBook.png, id=821, 615.80063pt x 598.48593pt>
File: Imagenes/ProyectosMateriales/openBook.png Graphic file (type png)
<use Imagenes/ProyectosMateriales/openBook.png>
Package pdftex.def Info: Imagenes/ProyectosMateriales/openBook.png  used on inp
ut line 387.
(pdftex.def)             Requested size: 216.0022pt x 209.92068pt.


LaTeX Warning: `h' float specifier changed to `ht'.

LaTeX Info: Redefining \. on input line 395.
LaTeX Info: Redefining \% on input line 395.
[24 <./Imagenes/ProyectosMateriales/capito.png> <./Imagenes/ProyectosMateriales
/simpatico.png>]
<Imagenes/ProyectosMateriales/wheris.png, id=833, 173.14688pt x 371.88937pt>
File: Imagenes/ProyectosMateriales/wheris.png Graphic file (type png)
<use Imagenes/ProyectosMateriales/wheris.png>
Package pdftex.def Info: Imagenes/ProyectosMateriales/wheris.png  used on input
 line 400.
(pdftex.def)             Requested size: 180.0pt x 386.61963pt.


LaTeX Warning: `h' float specifier changed to `ht'.

)
LaTeX Info: Redefining \. on input line 226.
LaTeX Info: Redefining \% on input line 226.
 [25 <./Imagenes/ProyectosMateriales/openBook.png>]
LaTeX Info: Redefining \. on input line 226.
LaTeX Info: Redefining \% on input line 226.
 [26 <./Imagenes/ProyectosMateriales/wheris.png>]
\openout2 = `Capitulos/Herramientas.aux'.

 (Capitulos/Herramientas.tex
Cap\'itulo 3.
[27




]
LaTeX Info: Redefining \. on input line 48.
LaTeX Info: Redefining \% on input line 48.
 [28]
<Imagenes/Figuras/dependenciaSpacy.png, id=869, 276.03125pt x 136.00812pt>
File: Imagenes/Figuras/dependenciaSpacy.png Graphic file (type png)
<use Imagenes/Figuras/dependenciaSpacy.png>
Package pdftex.def Info: Imagenes/Figuras/dependenciaSpacy.png  used on input l
ine 60.
(pdftex.def)             Requested size: 276.03056pt x 136.00778pt.
LaTeX Info: Redefining \. on input line 73.
LaTeX Info: Redefining \% on input line 73.
 [29 <./Imagenes/Figuras/dependenciaSpacy.png>]
LaTeX Info: Redefining \. on input line 96.
LaTeX Info: Redefining \% on input line 96.
 [30]
<Imagenes/Figuras/apiNil.png, id=891, 518.43687pt x 241.90375pt>
File: Imagenes/Figuras/apiNil.png Graphic file (type png)
<use Imagenes/Figuras/apiNil.png>
Package pdftex.def Info: Imagenes/Figuras/apiNil.png  used on input line 104.
(pdftex.def)             Requested size: 362.90332pt x 169.33147pt.

Overfull \hbox (2.90332pt too wide) in paragraph at lines 104--105
 [][] 
 []

<Imagenes/Figuras/postman.png, id=894, 613.29124pt x 302.12875pt>
File: Imagenes/Figuras/postman.png Graphic file (type png)
<use Imagenes/Figuras/postman.png>
Package pdftex.def Info: Imagenes/Figuras/postman.png  used on input line 121.
(pdftex.def)             Requested size: 367.97757pt x 181.27864pt.

Overfull \hbox (7.97757pt too wide) in paragraph at lines 121--122
 [][] 
 []


LaTeX Warning: `!h' float specifier changed to `!ht'.

LaTeX Info: Redefining \. on input line 130.
LaTeX Info: Redefining \% on input line 130.
[31 <./Imagenes/Figuras/apiNil.png>]
<Imagenes/Figuras/pycharm.png, id=907, 715.92468pt x 452.4403pt>
File: Imagenes/Figuras/pycharm.png Graphic file (type png)
<use Imagenes/Figuras/pycharm.png>
Package pdftex.def Info: Imagenes/Figuras/pycharm.png  used on input line 141.
(pdftex.def)             Requested size: 357.96146pt x 226.2196pt.
)

LaTeX Warning: `!h' float specifier changed to `!ht'.

LaTeX Info: Redefining \. on input line 227.
LaTeX Info: Redefining \% on input line 227.
[32 <./Imagenes/Figuras/postman.png>]
LaTeX Info: Redefining \. on input line 227.
LaTeX Info: Redefining \% on input line 227.
 [33 <./Imagenes/Figuras/pycharm.png>]
\openout2 = `Capitulos/AsistenteWebInteractivo.aux'.


(Capitulos/AsistenteWebInteractivo.tex [34




]
Cap\'itulo 4.
[35]
<Imagenes/Figuras/InterfazInicial.png, id=938, 427.5975pt x 374.90062pt>
File: Imagenes/Figuras/InterfazInicial.png Graphic file (type png)
<use Imagenes/Figuras/InterfazInicial.png>
Package pdftex.def Info: Imagenes/Figuras/InterfazInicial.png  used on input li
ne 45.
(pdftex.def)             Requested size: 427.59645pt x 374.8997pt.

Overfull \hbox (67.59645pt too wide) in paragraph at lines 45--46
 [][] 
 []


LaTeX Warning: `!h' float specifier changed to `!ht'.

LaTeX Info: Redefining \. on input line 55.
LaTeX Info: Redefining \% on input line 55.

Package Fancyhdr Warning: \headheight is too small (14.0pt): 
Make it at least 25.22652pt.
We now make it that large for the rest of the document.
This may cause the page layout to be inconsistent, however.

[36]
<Imagenes/Figuras/PanelIzquierdo.png, id=945, 367.87437pt x 481.29813pt>
File: Imagenes/Figuras/PanelIzquierdo.png Graphic file (type png)
<use Imagenes/Figuras/PanelIzquierdo.png>
Package pdftex.def Info: Imagenes/Figuras/PanelIzquierdo.png  used on input lin
e 60.
(pdftex.def)             Requested size: 257.51028pt x 336.90637pt.


LaTeX Warning: `!h' float specifier changed to `!ht'.

<Imagenes/Figuras/Resumen.png, id=948, 574.145pt x 262.48062pt>
File: Imagenes/Figuras/Resumen.png Graphic file (type png)
<use Imagenes/Figuras/Resumen.png>
Package pdftex.def Info: Imagenes/Figuras/Resumen.png  used on input line 72.
(pdftex.def)             Requested size: 401.89876pt x 183.73518pt.

Overfull \hbox (41.89876pt too wide) in paragraph at lines 72--73
 [][] 
 []

LaTeX Info: Redefining \. on input line 78.
LaTeX Info: Redefining \% on input line 78.
[37 <./Imagenes/Figuras/InterfazInicial.png>]

LaTeX Warning: `!h' float specifier changed to `!ht'.

<Imagenes/Figuras/TextoCompleto.png, id=956, 565.61313pt x 455.7025pt>
File: Imagenes/Figuras/TextoCompleto.png Graphic file (type png)
<use Imagenes/Figuras/TextoCompleto.png>
Package pdftex.def Info: Imagenes/Figuras/TextoCompleto.png  used on input line
 84.
(pdftex.def)             Requested size: 395.92648pt x 318.98956pt.

Overfull \hbox (35.92648pt too wide) in paragraph at lines 84--85
 [][] 
 []


LaTeX Warning: `!h' float specifier changed to `!ht'.

LaTeX Info: Redefining \. on input line 99.
LaTeX Info: Redefining \% on input line 99.
[38 <./Imagenes/Figuras/PanelIzquierdo.png>]

LaTeX Warning: Text page 39 contains only floats.

LaTeX Info: Redefining \. on input line 99.
LaTeX Info: Redefining \% on input line 99.
[39 <./Imagenes/Figuras/Resumen.png> <./Imagenes/Figuras/TextoCompleto.png>]
<Imagenes/Figuras/arbol.png, id=977, 630.355pt x 306.64563pt>
File: Imagenes/Figuras/arbol.png Graphic file (type png)
<use Imagenes/Figuras/arbol.png>
Package pdftex.def Info: Imagenes/Figuras/arbol.png  used on input line 106.
(pdftex.def)             Requested size: 378.21591pt x 183.98878pt.

Overfull \hbox (18.21591pt too wide) in paragraph at lines 106--107
 [][] 
 []

<Imagenes/Figuras/botonesFuncionales.png, id=978, 308.65312pt x 189.70876pt>
File: Imagenes/Figuras/botonesFuncionales.png Graphic file (type png)
<use Imagenes/Figuras/botonesFuncionales.png>
Package pdftex.def Info: Imagenes/Figuras/botonesFuncionales.png  used on input
 line 112.
(pdftex.def)             Requested size: 308.65236pt x 189.70828pt.
<Imagenes/Figuras/borradorTextoFinal.png, id=979, 339.2675pt x 325.215pt>
File: Imagenes/Figuras/borradorTextoFinal.png Graphic file (type png)
<use Imagenes/Figuras/borradorTextoFinal.png>
Package pdftex.def Info: Imagenes/Figuras/borradorTextoFinal.png  used on input
 line 118.
(pdftex.def)             Requested size: 339.26666pt x 325.2142pt.

LaTeX Warning: `!h' float specifier changed to `!ht'.


LaTeX Warning: `!h' float specifier changed to `!ht'.

LaTeX Info: Redefining \. on input line 128.
LaTeX Info: Redefining \% on input line 128.
[40 <./Imagenes/Figuras/arbol.png>]
<Imagenes/Figuras/palabrasComplejas.png, id=988, 540.0175pt x 254.45062pt>
File: Imagenes/Figuras/palabrasComplejas.png Graphic file (type png)
<use Imagenes/Figuras/palabrasComplejas.png>
Package pdftex.def Info: Imagenes/Figuras/palabrasComplejas.png  used on input 
line 134.
(pdftex.def)             Requested size: 324.013pt x 152.67154pt.


LaTeX Warning: `!h' float specifier changed to `!ht'.

<Imagenes/Figuras/EleccionIntercambio.png, id=992, 168.12813pt x 139.01938pt>
File: Imagenes/Figuras/EleccionIntercambio.png Graphic file (type png)
<use Imagenes/Figuras/EleccionIntercambio.png>
Package pdftex.def Info: Imagenes/Figuras/EleccionIntercambio.png  used on inpu
t line 150.
(pdftex.def)             Requested size: 168.1277pt x 139.01903pt.

LaTeX Warning: `!h' float specifier changed to `!ht'.

<Imagenes/Figuras/IntercambioArbol.png, id=993, 158.5925pt x 132.495pt>
File: Imagenes/Figuras/IntercambioArbol.png Graphic file (type png)
<use Imagenes/Figuras/IntercambioArbol.png>
Package pdftex.def Info: Imagenes/Figuras/IntercambioArbol.png  used on input l
ine 160.
(pdftex.def)             Requested size: 158.59209pt x 132.49466pt.

LaTeX Warning: `!h' float specifier changed to `!ht'.

<Imagenes/Figuras/BorradorIntercambio.png, id=994, 326.72063pt x 64.24pt>
File: Imagenes/Figuras/BorradorIntercambio.png Graphic file (type png)
<use Imagenes/Figuras/BorradorIntercambio.png>
Package pdftex.def Info: Imagenes/Figuras/BorradorIntercambio.png  used on inpu
t line 170.
(pdftex.def)             Requested size: 326.71982pt x 64.23984pt.

LaTeX Warning: `!h' float specifier changed to `!ht'.


Underfull \vbox (badness 1033) has occurred while \output is active []

LaTeX Info: Redefining \. on input line 178.
LaTeX Info: Redefining \% on input line 178.
 [41 <./Imagenes/Figuras/botonesFuncionales.png>]
Overfull \vbox (10.55559pt too high) has occurred while \output is active []

LaTeX Info: Redefining \. on input line 178.
LaTeX Info: Redefining \% on input line 178.

[42 <./Imagenes/Figuras/borradorTextoFinal.png> <./Imagenes/Figuras/palabrasCom
plejas.png>]
<Imagenes/Figuras/SinonimoPersona.png, id=1010, 216.30812pt x 169.13188pt>
File: Imagenes/Figuras/SinonimoPersona.png Graphic file (type png)
<use Imagenes/Figuras/SinonimoPersona.png>
Package pdftex.def Info: Imagenes/Figuras/SinonimoPersona.png  used on input li
ne 183.
(pdftex.def)             Requested size: 216.30759pt x 169.13145pt.


LaTeX Warning: `!h' float specifier changed to `!ht'.

LaTeX Info: Redefining \. on input line 191.
LaTeX Info: Redefining \% on input line 191.
[43 <./Imagenes/Figuras/EleccionIntercambio.png> <./Imagenes/Figuras/Intercambi
oArbol.png> <./Imagenes/Figuras/BorradorIntercambio.png>]
<Imagenes/Figuras/EditarSinonimo.png, id=1021, 215.80624pt x 169.13188pt>
File: Imagenes/Figuras/EditarSinonimo.png Graphic file (type png)
<use Imagenes/Figuras/EditarSinonimo.png>
Package pdftex.def Info: Imagenes/Figuras/EditarSinonimo.png  used on input lin
e 197.
(pdftex.def)             Requested size: 215.80571pt x 169.13145pt.
<Imagenes/Figuras/modalSinonimos.png, id=1024, 198.24063pt x 67.75313pt>
File: Imagenes/Figuras/modalSinonimos.png Graphic file (type png)
<use Imagenes/Figuras/modalSinonimos.png>
Package pdftex.def Info: Imagenes/Figuras/modalSinonimos.png  used on input lin
e 209.
(pdftex.def)             Requested size: 198.24014pt x 67.75294pt.


LaTeX Warning: `!h' float specifier changed to `!ht'.

<Imagenes/Figuras/CambioSinonimoArbolBorrador.png, id=1025, 389.455pt x 194.727
5pt>
File: Imagenes/Figuras/CambioSinonimoArbolBorrador.png Graphic file (type png)
<use Imagenes/Figuras/CambioSinonimoArbolBorrador.png>
Package pdftex.def Info: Imagenes/Figuras/CambioSinonimoArbolBorrador.png  used
 on input line 220.
(pdftex.def)             Requested size: 389.45404pt x 194.727pt.

Overfull \hbox (29.45404pt too wide) in paragraph at lines 220--221
 [][] 
 []


LaTeX Warning: `!h' float specifier changed to `!ht'.

<Imagenes/Figuras/EleccionEliminacion.png, id=1028, 591.71063pt x 254.9525pt>
File: Imagenes/Figuras/EleccionEliminacion.png Graphic file (type png)
<use Imagenes/Figuras/EleccionEliminacion.png>
Package pdftex.def Info: Imagenes/Figuras/EleccionEliminacion.png  used on inpu
t line 233.
(pdftex.def)             Requested size: 355.02911pt x 152.97266pt.
<Imagenes/Figuras/EliminacionSubarbol.png, id=1029, 349.80687pt x 158.5925pt>
File: Imagenes/Figuras/EliminacionSubarbol.png Graphic file (type png)
<use Imagenes/Figuras/EliminacionSubarbol.png>
Package pdftex.def Info: Imagenes/Figuras/EliminacionSubarbol.png  used on inpu
t line 243.
(pdftex.def)             Requested size: 314.82327pt x 142.7319pt.
<Imagenes/Figuras/BorradorEliminacion.png, id=1031, 334.24875pt x 67.25125pt>
File: Imagenes/Figuras/BorradorEliminacion.png Graphic file (type png)
<use Imagenes/Figuras/BorradorEliminacion.png>
Package pdftex.def Info: Imagenes/Figuras/BorradorEliminacion.png  used on inpu
t line 254.
(pdftex.def)             Requested size: 334.24792pt x 67.25107pt.

Underfull \vbox (badness 10000) has occurred while \output is active []

LaTeX Info: Redefining \. on input line 260.
LaTeX Info: Redefining \% on input line 260.
 [44 <./Imagenes/Figuras/SinonimoPersona.png> <./Imagenes/Figuras/EditarSinonim
o.png>]

LaTeX Warning: `!h' float specifier changed to `!ht'.


LaTeX Warning: `!h' float specifier changed to `!ht'.


LaTeX Warning: `!h' float specifier changed to `!ht'.

LaTeX Info: Redefining \. on input line 264.
LaTeX Info: Redefining \% on input line 264.
[45 <./Imagenes/Figuras/modalSinonimos.png> <./Imagenes/Figuras/CambioSinonimoA
rbolBorrador.png>]
<Imagenes/Figuras/DefinicionesPersonas.png, id=1049, 211.28937pt x 170.13562pt>

File: Imagenes/Figuras/DefinicionesPersonas.png Graphic file (type png)
<use Imagenes/Figuras/DefinicionesPersonas.png>
Package pdftex.def Info: Imagenes/Figuras/DefinicionesPersonas.png  used on inp
ut line 269.
(pdftex.def)             Requested size: 169.03172pt x 136.10867pt.
<Imagenes/Figuras/GlosarioBorrador.png, id=1050, 489.32813pt x 151.56625pt>
File: Imagenes/Figuras/GlosarioBorrador.png Graphic file (type png)
<use Imagenes/Figuras/GlosarioBorrador.png>
Package pdftex.def Info: Imagenes/Figuras/GlosarioBorrador.png  used on input l
ine 279.
(pdftex.def)             Requested size: 391.46303pt x 121.25316pt.

Overfull \hbox (31.46303pt too wide) in paragraph at lines 279--280
 [][] 
 []

LaTeX Info: Redefining \. on input line 285.
LaTeX Info: Redefining \% on input line 285.
[46 <./Imagenes/Figuras/EleccionEliminacion.png> <./Imagenes/Figuras/Eliminacio
nSubarbol.png> <./Imagenes/Figuras/BorradorEliminacion.png>]
<Imagenes/Figuras/verResultado.png, id=1061, 502.87875pt x 326.21875pt>
File: Imagenes/Figuras/verResultado.png Graphic file (type png)
<use Imagenes/Figuras/verResultado.png>
Package pdftex.def Info: Imagenes/Figuras/verResultado.png  used on input line 
293.
(pdftex.def)             Requested size: 402.30354pt x 260.97534pt.

Overfull \hbox (42.30354pt too wide) in paragraph at lines 293--294
 [][] 
 []

<Imagenes/Figuras/PanelDerecho.png, id=1062, 356.83313pt x 481.8pt>
File: Imagenes/Figuras/PanelDerecho.png Graphic file (type png)
<use Imagenes/Figuras/PanelDerecho.png>
Package pdftex.def Info: Imagenes/Figuras/PanelDerecho.png  used on input line 
303.
(pdftex.def)             Requested size: 285.46687pt x 385.4405pt.

LaTeX Warning: `!h' float specifier changed to `!ht'.


LaTeX Warning: `!h' float specifier changed to `!ht'.

)
LaTeX Info: Redefining \. on input line 229.
LaTeX Info: Redefining \% on input line 229.
 [47 <./Imagenes/Figuras/DefinicionesPersonas.png> <./Imagenes/Figuras/Glosario
Borrador.png>]
LaTeX Info: Redefining \. on input line 229.
LaTeX Info: Redefining \% on input line 229.
 [48 <./Imagenes/Figuras/verResultado.png>]
LaTeX Info: Redefining \. on input line 229.
LaTeX Info: Redefining \% on input line 229.
 [49 <./Imagenes/Figuras/PanelDerecho.png>]
\openout2 = `Capitulos/Implementacion.aux'.

 (Capitulos/Implementacion.tex [50




]
Cap\'itulo 5.
<Imagenes/Figuras/Project-Structure.png, id=1089, 334.75063pt x 214.30063pt>
File: Imagenes/Figuras/Project-Structure.png Graphic file (type png)
<use Imagenes/Figuras/Project-Structure.png>
Package pdftex.def Info: Imagenes/Figuras/Project-Structure.png  used on input 
line 18.
(pdftex.def)             Requested size: 401.69873pt x 257.15945pt.

Overfull \hbox (41.69873pt too wide) in paragraph at lines 18--19
 [][] 
 []


LaTeX Warning: `!h' float specifier changed to `!ht'.


Underfull \vbox (badness 10000) has occurred while \output is active []

 [51]
LaTeX Info: Redefining \. on input line 35.
LaTeX Info: Redefining \% on input line 35.

[52 <./Imagenes/Figuras/Project-Structure.png>]
<Imagenes/Figuras/rest_api.png, id=1106, 789.95125pt x 318.18875pt>
File: Imagenes/Figuras/rest_api.png Graphic file (type png)
<use Imagenes/Figuras/rest_api.png>
Package pdftex.def Info: Imagenes/Figuras/rest_api.png  used on input line 48.
(pdftex.def)             Requested size: 315.9749pt x 127.27324pt.
LaTeX Info: Redefining \. on input line 61.
LaTeX Info: Redefining \% on input line 61.
 [53 <./Imagenes/Figuras/rest_api.png>]
<Imagenes/Figuras/ArquitecturaAsistenteR.png, id=1115, 477.28313pt x 368.37625p
t>
File: Imagenes/Figuras/ArquitecturaAsistenteR.png Graphic file (type png)
<use Imagenes/Figuras/ArquitecturaAsistenteR.png>
Package pdftex.def Info: Imagenes/Figuras/ArquitecturaAsistenteR.png  used on i
nput line 74.
(pdftex.def)             Requested size: 429.55084pt x 331.53555pt.

Overfull \hbox (69.55084pt too wide) in paragraph at lines 74--75
 [][] 
 []


LaTeX Warning: `!h' float specifier changed to `!ht'.

<Imagenes/Figuras/APISencilla.png, id=1121, 394.47375pt x 299.1175pt>
File: Imagenes/Figuras/APISencilla.png Graphic file (type png)
<use Imagenes/Figuras/APISencilla.png>
Package pdftex.def Info: Imagenes/Figuras/APISencilla.png  used on input line 1
03.
(pdftex.def)             Requested size: 394.47278pt x 299.11676pt.

Overfull \hbox (34.47278pt too wide) in paragraph at lines 103--104
 [][] 
 []


LaTeX Warning: `!h' float specifier changed to `!ht'.

<Imagenes/Figuras/ApiDefinicion.png, id=1123, 389.455pt x 347.2975pt>
File: Imagenes/Figuras/ApiDefinicion.png Graphic file (type png)
<use Imagenes/Figuras/ApiDefinicion.png>
Package pdftex.def Info: Imagenes/Figuras/ApiDefinicion.png  used on input line
 130.
(pdftex.def)             Requested size: 389.45404pt x 347.29665pt.

Overfull \hbox (29.45404pt too wide) in paragraph at lines 130--131
 [][] 
 []


LaTeX Warning: `!h' float specifier changed to `!ht'.

LaTeX Info: Redefining \. on input line 150.
LaTeX Info: Redefining \% on input line 150.
[54]
<Imagenes/Figuras/APISinonimos.png, id=1138, 396.48125pt x 356.83313pt>
File: Imagenes/Figuras/APISinonimos.png Graphic file (type png)
<use Imagenes/Figuras/APISinonimos.png>
Package pdftex.def Info: Imagenes/Figuras/APISinonimos.png  used on input line 
155.
(pdftex.def)             Requested size: 396.48027pt x 356.83224pt.

Overfull \hbox (36.48027pt too wide) in paragraph at lines 155--156
 [][] 
 []


LaTeX Warning: `!h' float specifier changed to `!ht'.


Underfull \vbox (badness 10000) has occurred while \output is active []

LaTeX Info: Redefining \. on input line 168.
LaTeX Info: Redefining \% on input line 168.
 [55 <./Imagenes/Figuras/ArquitecturaAsistenteR.png>]
LaTeX Info: Redefining \. on input line 176.
LaTeX Info: Redefining \% on input line 176.
 [56 <./Imagenes/Figuras/APISencilla.png>]
LaTeX Info: Redefining \. on input line 186.
LaTeX Info: Redefining \% on input line 186.
 [57 <./Imagenes/Figuras/ApiDefinicion.png>]
LaTeX Info: Redefining \. on input line 190.
LaTeX Info: Redefining \% on input line 190.
 [58 <./Imagenes/Figuras/APISinonimos.png>]
LaTeX Info: Redefining \. on input line 212.
LaTeX Info: Redefining \% on input line 212.
 [59]
LaTeX Info: Redefining \. on input line 242.
LaTeX Info: Redefining \% on input line 242.
 [60]
LaTeX Info: Redefining \. on input line 262.
LaTeX Info: Redefining \% on input line 262.
 [61]
LaTeX Info: Redefining \. on input line 295.
LaTeX Info: Redefining \% on input line 295.
 [62]
LaTeX Info: Redefining \. on input line 343.
LaTeX Info: Redefining \% on input line 343.
 [63]
Underfull \vbox (badness 10000) has occurred while \output is active []

LaTeX Info: Redefining \. on input line 386.
LaTeX Info: Redefining \% on input line 386.
 [64]
Overfull \hbox (15.1665pt too wide) in paragraph at lines 400--400
[][][]\T1/cmr/m/n/9 Para más in-for-ma-ción []https://es.wikipedia.org/wiki/B%C
3%BAsqueda_en_profundidad[]| 
 []

<Imagenes/Figuras/diagramaBFS.png, id=1327, 475.27562pt x 366.36874pt>
File: Imagenes/Figuras/diagramaBFS.png Graphic file (type png)
<use Imagenes/Figuras/diagramaBFS.png>
Package pdftex.def Info: Imagenes/Figuras/diagramaBFS.png  used on input line 4
05.
(pdftex.def)             Requested size: 380.22101pt x 293.09538pt.

Overfull \hbox (20.22101pt too wide) in paragraph at lines 405--406
 [][] 
 []


LaTeX Warning: `!h' float specifier changed to `!ht'.

LaTeX Info: Redefining \. on input line 425.
LaTeX Info: Redefining \% on input line 425.
[65]
<Imagenes/Figuras/IntercambioPaso1_y_2.png, id=1349, 317.68687pt x 303.63437pt>

File: Imagenes/Figuras/IntercambioPaso1_y_2.png Graphic file (type png)
<use Imagenes/Figuras/IntercambioPaso1_y_2.png>
Package pdftex.def Info: Imagenes/Figuras/IntercambioPaso1_y_2.png  used on inp
ut line 432.
(pdftex.def)             Requested size: 381.22232pt x 364.3594pt.

Overfull \hbox (21.22232pt too wide) in paragraph at lines 432--433
 [][] 
 []

<Imagenes/Figuras/IntercambioPaso3_y_4.png, id=1350, 331.73938pt x 234.37563pt>

File: Imagenes/Figuras/IntercambioPaso3_y_4.png Graphic file (type png)
<use Imagenes/Figuras/IntercambioPaso3_y_4.png>
Package pdftex.def Info: Imagenes/Figuras/IntercambioPaso3_y_4.png  used on inp
ut line 442.
(pdftex.def)             Requested size: 364.91443pt x 257.81395pt.

Overfull \hbox (4.91443pt too wide) in paragraph at lines 442--443
 [][] 
 []

<Imagenes/Figuras/IntercambioPaso5.png, id=1351, 319.69438pt x 188.705pt>
File: Imagenes/Figuras/IntercambioPaso5.png Graphic file (type png)
<use Imagenes/Figuras/IntercambioPaso5.png>
Package pdftex.def Info: Imagenes/Figuras/IntercambioPaso5.png  used on input l
ine 452.
(pdftex.def)             Requested size: 351.66489pt x 207.57613pt.
<Imagenes/Figuras/IntercambioPaso6.png, id=1352, 170.13562pt x 219.82124pt>
File: Imagenes/Figuras/IntercambioPaso6.png Graphic file (type png)
<use Imagenes/Figuras/IntercambioPaso6.png>
Package pdftex.def Info: Imagenes/Figuras/IntercambioPaso6.png  used on input l
ine 462.
(pdftex.def)             Requested size: 221.17627pt x 285.76756pt.
LaTeX Info: Redefining \. on input line 468.
LaTeX Info: Redefining \% on input line 468.
[66 <./Imagenes/Figuras/diagramaBFS.png>]

LaTeX Warning: `!h' float specifier changed to `!ht'.


LaTeX Warning: `!h' float specifier changed to `!ht'.


LaTeX Warning: `!h' float specifier changed to `!ht'.

LaTeX Info: Redefining \. on input line 480.
LaTeX Info: Redefining \% on input line 480.
[67 <./Imagenes/Figuras/IntercambioPaso1_y_2.png>]
Underfull \vbox (badness 3439) has occurred while \output is active []

LaTeX Info: Redefining \. on input line 481.
LaTeX Info: Redefining \% on input line 481.
 [68 <./Imagenes/Figuras/IntercambioPaso3_y_4.png> <./Imagenes/Figuras/Intercam
bioPaso5.png>]
LaTeX Info: Redefining \. on input line 498.
LaTeX Info: Redefining \% on input line 498.
 [69 <./Imagenes/Figuras/IntercambioPaso6.png>]
LaTeX Info: Redefining \. on input line 528.
LaTeX Info: Redefining \% on input line 528.
 [70]
LaTeX Info: Redefining \. on input line 567.
LaTeX Info: Redefining \% on input line 567.
 [71]
LaTeX Info: Redefining \. on input line 606.
LaTeX Info: Redefining \% on input line 606.
 [72])
LaTeX Info: Redefining \. on input line 230.
LaTeX Info: Redefining \% on input line 230.
 [73]
\openout2 = `Capitulos/ConclusionesTrabajoFuturo.aux'.


(Capitulos/ConclusionesTrabajoFuturo.tex [74




]
Cap\'itulo 6.

Underfull \vbox (badness 10000) has occurred while \output is active []

 [75]
LaTeX Info: Redefining \. on input line 35.
LaTeX Info: Redefining \% on input line 35.

[76])
LaTeX Info: Redefining \. on input line 232.
LaTeX Info: Redefining \% on input line 232.
 [77]
\openout2 = `Capitulos/ConclusionsFutureWork.aux'.

 (Capitulos/ConclusionsFutureWork.tex [78




]
Chapter 6.

Underfull \vbox (badness 10000) has occurred while \output is active []

 [79])
[80]
LaTeX Info: Redefining \. on input line 236.
LaTeX Info: Redefining \% on input line 236.
\openout2 = `Capitulos/TrabajoIndividual.aux'.

 (Capitulos/TrabajoIndividual.tex
Cap\'itulo 7.

Underfull \vbox (badness 10000) has occurred while \output is active []

 [81




]
Underfull \vbox (badness 10000) has occurred while \output is active []

LaTeX Info: Redefining \. on input line 37.
LaTeX Info: Redefining \% on input line 37.
 [82]
Underfull \vbox (badness 10000) has occurred while \output is active []

LaTeX Info: Redefining \. on input line 53.
LaTeX Info: Redefining \% on input line 53.
 [83])
LaTeX Info: Redefining \. on input line 237.
LaTeX Info: Redefining \% on input line 237.

[84]
\openout2 = `Cascaras/bibliografia.aux'.

 (Cascaras/bibliografia.tex (TFGLecturaFacil.bbl [85





]))
LaTeX Info: Redefining \. on input line 260.
LaTeX Info: Redefining \% on input line 260.
 [86]
\openout2 = `Cascaras/fin.aux'.


(Cascaras/fin.tex) (TFGLecturaFacil.aux (Cascaras/cover.aux)
LaTeX Info: Redefining \. on input line 27.
LaTeX Info: Redefining \% on input line 27.

(Cascaras/agradecimientos.aux) (Cascaras/resumen.aux) (Cascaras/abstract.aux)
(TeXiS/TeXiS_toc.aux)
LaTeX Info: Redefining \. on input line 33.
LaTeX Info: Redefining \% on input line 33.
 (Capitulos/Introduccion.aux) (Capitulos/Introduction.aux) (Capitulos/EstadoDeL
aCuestion.aux)
LaTeX Info: Redefining \. on input line 38.
LaTeX Info: Redefining \% on input line 38.
 (Capitulos/Herramientas.aux)
(Capitulos/AsistenteWebInteractivo.aux) (Capitulos/Implementacion.aux)
(Capitulos/ConclusionesTrabajoFuturo.aux) (Capitulos/ConclusionsFutureWork.aux)
(Capitulos/TrabajoIndividual.aux)
LaTeX Info: Redefining \. on input line 46.
LaTeX Info: Redefining \% on input line 46.
 (Cascaras/bibliografia.aux) (Cascaras/fin.aux))

Package rerunfilecheck Warning: File `TFGLecturaFacil.out' has changed.
(rerunfilecheck)                Rerun to get outlines right
(rerunfilecheck)                or use package `bookmark'.

Package rerunfilecheck Info: Checksums for `TFGLecturaFacil.out':
(rerunfilecheck)             Before: 18C6206ED8204C1FBF6D51276EE87FBA;5157
(rerunfilecheck)             After:  1A6DA2CBE3117B68CD8285C561693CDF;5155.

LaTeX Warning: Label(s) may have changed. Rerun to get cross-references right.

 ) 
Here is how much of TeX's memory you used:
 16731 strings out of 480257
 283887 string characters out of 2880021
 931238 words of memory out of 3000000
 31962 multiletter control sequences out of 15000+200000
 556598 words of font info for 66 fonts, out of 3000000 for 9000
 1379 hyphenation exceptions out of 8191
 90i,12n,92p,1159b,2196s stack positions out of 5000i,500n,10000p,200000b,50000s
pdfTeX warning (dest): name{figure.caption.308} has been referenced but does 
not exist, replaced by a fixed one

pdfTeX warning (dest): name{figure.caption.159} has been referenced but does no
t exist, replaced by a fixed one

pdfTeX warning (dest): name{figure.caption.151} has been referenced but does no
t exist, replaced by a fixed one

pdfTeX warning (dest): name{figure.caption.144} has been referenced but does no
t exist, replaced by a fixed one

pdfTeX warning (dest): name{figure.caption.137} has been referenced but does no
t exist, replaced by a fixed one

pdfTeX warning (dest): name{figure.caption.133} has been referenced but does no
t exist, replaced by a fixed one

pdfTeX warning (dest): name{figure.caption.130} has been referenced but does no
t exist, replaced by a fixed one

pdfTeX warning (dest): name{figure.caption.127} has been referenced but does no
t exist, replaced by a fixed one

pdfTeX warning (dest): name{figure.caption.124} has been referenced but does no
t exist, replaced by a fixed one

pdfTeX warning (dest): name{figure.caption.120} has been referenced but does no
t exist, replaced by a fixed one

pdfTeX warning (dest): name{figure.caption.115} has been referenced but does no
t exist, replaced by a fixed one

pdfTeX warning (dest): name{figure.caption.111} has been referenced but does no
t exist, replaced by a fixed one

pdfTeX warning (dest): name{figure.caption.109} has been referenced but does no
t exist, replaced by a fixed one

pdfTeX warning (dest): name{figure.caption.105} has been referenced but does no
t exist, replaced by a fixed one

pdfTeX warning (dest): name{figure.caption.98} has been referenced but does not
 exist, replaced by a fixed one

pdfTeX warning (dest): name{figure.caption.95} has been referenced but does not
 exist, replaced by a fixed one

pdfTeX warning (dest): name{figure.caption.92} has been referenced but does not
 exist, replaced by a fixed one

pdfTeX warning (dest): name{figure.caption.88} has been referenced but does not
 exist, replaced by a fixed one

pdfTeX warning (dest): name{figure.caption.80} has been referenced but does not
 exist, replaced by a fixed one

pdfTeX warning (dest): name{figure.caption.77} has been referenced but does not
 exist, replaced by a fixed one

pdfTeX warning (dest): name{figure.caption.74} has been referenced but does not
 exist, replaced by a fixed one

pdfTeX warning (dest): name{figure.caption.71} has been referenced but does not
 exist, replaced by a fixed one

pdfTeX warning (dest): name{figure.caption.66} has been referenced but does not
 exist, replaced by a fixed one

pdfTeX warning (dest): name{figure.caption.63} has been referenced but does not
 exist, replaced by a fixed one

pdfTeX warning (dest): name{figure.caption.61} has been referenced but does not
 exist, replaced by a fixed one

pdfTeX warning (dest): name{figure.caption.56} has been referenced but does not
 exist, replaced by a fixed one

pdfTeX warning (dest): name{figure.caption.30} has been referenced but does not
 exist, replaced by a fixed one

pdfTeX warning (dest): name{figure.caption.26} has been referenced but does not
 exist, replaced by a fixed one

pdfTeX warning (dest): name{figure.caption.18} has been referenced but does not
 exist, replaced by a fixed one

pdfTeX warning (dest): name{chapter*.408} has been referenced but does not exis
t, replaced by a fixed one

pdfTeX warning (dest): name{section.407} has been referenced but does not exist
, replaced by a fixed one

pdfTeX warning (dest): name{chapter.405} has been referenced but does not exist
, replaced by a fixed one

pdfTeX warning (dest): name{section.404} has been referenced but does not exist
, replaced by a fixed one

pdfTeX warning (dest): name{chapter.402} has been referenced but does not exist
, replaced by a fixed one

pdfTeX warning (dest): name{section.401} has been referenced but does not exist
, replaced by a fixed one

pdfTeX warning (dest): name{chapter.399} has been referenced but does not exist
, replaced by a fixed one

pdfTeX warning (dest): name{section.341} has been referenced but does not exist
, replaced by a fixed one

pdfTeX warning (dest): name{section.166} has been referenced but does not exist
, replaced by a fixed one

pdfTeX warning (dest): name{subsection.160} has been referenced but does not ex
ist, replaced by a fixed one

pdfTeX warning (dest): name{subsection.135} has been referenced but does not ex
ist, replaced by a fixed one

pdfTeX warning (dest): name{section.132} has been referenced but does not exist
, replaced by a fixed one

pdfTeX warning (dest): name{chapter.131} has been referenced but does not exist
, replaced by a fixed one

pdfTeX warning (dest): name{subsection.128} has been referenced but does not ex
ist, replaced by a fixed one

pdfTeX warning (dest): name{subsection.125} has been referenced but does not ex
ist, replaced by a fixed one

pdfTeX warning (dest): name{subsection.121} has been referenced but does not ex
ist, replaced by a fixed one

pdfTeX warning (dest): name{subsection.116} has been referenced but does not ex
ist, replaced by a fixed one

pdfTeX warning (dest): name{subsection.112} has been referenced but does not ex
ist, replaced by a fixed one

pdfTeX warning (dest): name{subsection.110} has been referenced but does not ex
ist, replaced by a fixed one

pdfTeX warning (dest): name{section.106} has been referenced but does not exist
, replaced by a fixed one

pdfTeX warning (dest): name{section.101} has been referenced but does not exist
, replaced by a fixed one

pdfTeX warning (dest): name{chapter.99} has been referenced but does not exist,
 replaced by a fixed one

pdfTeX warning (dest): name{section.96} has been referenced but does not exist,
 replaced by a fixed one

pdfTeX warning (dest): name{section.93} has been referenced but does not exist,
 replaced by a fixed one

pdfTeX warning (dest): name{section.89} has been referenced but does not exist,
 replaced by a fixed one

pdfTeX warning (dest): name{section.85} has been referenced but does not exist,
 replaced by a fixed one

pdfTeX warning (dest): name{section.82} has been referenced but does not exist,
 replaced by a fixed one

pdfTeX warning (dest): name{chapter.81} has been referenced but does not exist,
 replaced by a fixed one

pdfTeX warning (dest): name{subsection.78} has been referenced but does not exi
st, replaced by a fixed one

pdfTeX warning (dest): name{subsection.75} has been referenced but does not exi
st, replaced by a fixed one

pdfTeX warning (dest): name{subsection.72} has been referenced but does not exi
st, replaced by a fixed one

pdfTeX warning (dest): name{subsection.69} has been referenced but does not exi
st, replaced by a fixed one

pdfTeX warning (dest): name{subsection.64} has been referenced but does not exi
st, replaced by a fixed one

pdfTeX warning (dest): name{subsection.62} has been referenced but does not exi
st, replaced by a fixed one

pdfTeX warning (dest): name{subsection.59} has been referenced but does not exi
st, replaced by a fixed one

pdfTeX warning (dest): name{subsection.54} has been referenced but does not exi
st, replaced by a fixed one

pdfTeX warning (dest): name{section.53} has been referenced but does not exist,
 replaced by a fixed one

pdfTeX warning (dest): name{subsection.52} has been referenced but does not exi
st, replaced by a fixed one

pdfTeX warning (dest): name{subsection.50} has been referenced but does not exi
st, replaced by a fixed one

pdfTeX warning (dest): name{section.46} has been referenced but does not exist,
 replaced by a fixed one

pdfTeX warning (dest): name{section.34} has been referenced but does not exist,
 replaced by a fixed one

pdfTeX warning (dest): name{subsection.33} has been referenced but does not exi
st, replaced by a fixed one

pdfTeX warning (dest): name{subsection.27} has been referenced but does not exi
st, replaced by a fixed one

pdfTeX warning (dest): name{subsection.25} has been referenced but does not exi
st, replaced by a fixed one

pdfTeX warning (dest): name{subsection.19} has been referenced but does not exi
st, replaced by a fixed one

pdfTeX warning (dest): name{section.16} has been referenced but does not exist,
 replaced by a fixed one

pdfTeX warning (dest): name{chapter.15} has been referenced but does not exist,
 replaced by a fixed one

pdfTeX warning (dest): name{section.14} has been referenced but does not exist,
 replaced by a fixed one

pdfTeX warning (dest): name{chapter.11} has been referenced but does not exist,
 replaced by a fixed one

pdfTeX warning (dest): name{section.10} has been referenced but does not exist,
 replaced by a fixed one

pdfTeX warning (dest): name{chapter.7} has been referenced but does not exist, 
replaced by a fixed one

 <C:\Users\egilruiz\AppData\Local\MiKTeX\fonts/pk/ljfour/jknappen/ec/dpi600\ect
i1000.pk> <C:\Users\egilruiz\AppData\Local\MiKTeX\fonts/pk/ljfour/jknappen/ec/d
pi600\tcrm1000.pk> <C:\Users\egilruiz\AppData\Local\MiKTeX\fonts/pk/ljfour/jkna
ppen/ec/dpi600\ecrm1000.pk> <C:\Users\egilruiz\AppData\Local\MiKTeX\fonts/pk/lj
four/jknappen/ec/dpi600\ectt1095.pk> <C:\Users\egilruiz\AppData\Local\MiKTeX\fo
nts/pk/ljfour/jknappen/ec/dpi600\tcrm1095.pk> <C:\Users\egilruiz\AppData\Local\
MiKTeX\fonts/pk/ljfour/jknappen/ec/dpi600\ecrm0900.pk> <C:\Users\egilruiz\AppDa
ta\Local\MiKTeX\fonts/pk/ljfour/jknappen/ec/dpi600\ecrm0600.pk> <C:\Users\egilr
uiz\AppData\Local\MiKTeX\fonts/pk/ljfour/jknappen/ec/dpi600\ecrm0800.pk> <C:\Us
ers\egilruiz\AppData\Local\MiKTeX\fonts/pk/ljfour/jknappen/ec/dpi600\ecti1095.p
k>{C:/Users/egilruiz/AppData/Local/Programs/MiKTeX/fonts/enc/dvips/base/8r.enc}
 <C:\Users\egilruiz\AppData\Local\MiKTeX\fonts/pk/ljfour/jknappen/ec/dpi600\ecb
x1095.pk> <C:\Users\egilruiz\AppData\Local\MiKTeX\fonts/pk/ljfour/jknappen/ec/d
pi600\eccc1095.pk> <C:\Users\egilruiz\AppData\Local\MiKTeX\fonts/pk/ljfour/jkna
ppen/ec/dpi600\ecrm1095.pk> <C:\Users\egilruiz\AppData\Local\MiKTeX\fonts/pk/lj
four/jknappen/ec/dpi600\ecti1200.pk> <C:\Users\egilruiz\AppData\Local\MiKTeX\fo
nts/pk/ljfour/jknappen/ec/dpi600\ecrm2488.pk> <C:\Users\egilruiz\AppData\Local\
MiKTeX\fonts/pk/ljfour/jknappen/ec/dpi600\ecbx1200.pk> <C:\Users\egilruiz\AppDa
ta\Local\MiKTeX\fonts/pk/ljfour/jknappen/ec/dpi600\ecbx1440.pk> <C:\Users\egilr
uiz\AppData\Local\MiKTeX\fonts/pk/ljfour/jknappen/ec/dpi600\ecbx2074.pk><C:/Use
rs/egilruiz/AppData/Local/Programs/MiKTeX/fonts/type1/public/amsfonts/cm/cmr10.
pfb><C:/Users/egilruiz/AppData/Local/Programs/MiKTeX/fonts/type1/public/amsfont
s/cm/cmsy10.pfb><C:/Users/egilruiz/AppData/Local/Programs/MiKTeX/fonts/type1/ur
w/helvetic/uhvr8a.pfb><C:/Users/egilruiz/AppData/Local/Programs/MiKTeX/fonts/ty
pe1/urw/times/utmr8a.pfb>
Output written on TFGLecturaFacil.pdf (104 pages, 6261102 bytes).
PDF statistics:
 2446 PDF objects out of 2487 (max. 8388607)
 589 named destinations out of 1000 (max. 500000)
 826 words of extra memory for PDF output out of 10000 (max. 10000000)

