\BOOKMARK [0][-]{titulo.0}{P\341gina de T\355tulo}{}% 1
\BOOKMARK [0][-]{indices.0}{\315ndices}{}% 2
\BOOKMARK [1][-]{tabla de contenidos.1}{Tabla de Contenidos}{indices.0}% 3
\BOOKMARK [1][-]{indice de figuras.1}{\315ndice de figuras}{indices.0}% 4
\BOOKMARK [1][-]{indice de tablas.1}{\315ndice de tablas}{indices.0}% 5
\BOOKMARK [0][-]{chapter.9}{Introduction}{}% 6
\BOOKMARK [0][-]{chapter.10}{Introducci\363n}{}% 7
\BOOKMARK [1][-]{section.11}{Motivaci\363n}{chapter.10}% 8
\BOOKMARK [2][-]{subsection.12}{Explicaciones adicionales}{section.11}% 9
\BOOKMARK [0][-]{chapter.14}{Estado del arte}{}% 10
\BOOKMARK [1][-]{section.15}{Lectura F\341cil}{chapter.14}% 11
\BOOKMARK [2][-]{subsection.16}{\277Qu\351 es?}{section.15}% 12
\BOOKMARK [2][-]{subsection.19}{Un poco de Historia...}{section.15}% 13
\BOOKMARK [2][-]{subsection.23}{Destinatarios de la LF}{section.15}% 14
\BOOKMARK [2][-]{subsection.24}{\277C\363mo se identifican los textos de LF?}{section.15}% 15
\BOOKMARK [2][-]{subsection.29}{Niveles de adaptaci\363n}{section.15}% 16
\BOOKMARK [2][-]{subsection.30}{Pautas a seguir para la elaboraci\363n de Lectura F\341cil}{section.15}% 17
\BOOKMARK [2][-]{subsection.32}{Movimientos y asociaciones}{section.15}% 18
\BOOKMARK [2][-]{subsection.33}{Proyectos}{section.15}% 19
\BOOKMARK [0][-]{chapter.34}{Conclusiones y Trabajo Futuro}{}% 20
\BOOKMARK [0][-]{chapter.35}{Conclusions and Future Work}{}% 21
\BOOKMARK [0][-]{appendix.36}{T\355tulo}{}% 22
\BOOKMARK [0][-]{appendix.37}{T\355tulo}{}% 23
\BOOKMARK [0][-]{fin.0}{Fin}{}% 24
